6.654964e-04
Time:0.000000e+00, dt: 6.654964e-04, dx:1.666667e-03 
itprint 0 
4.903890e-04
4.514497e-04
4.085381e-04
3.944442e-04
3.642601e-04
3.607481e-04
3.427324e-04
3.433890e-04
3.331590e-04
3.321627e-04
3.247387e-04
3.261391e-04
3.203876e-04
3.229829e-04
3.191856e-04
3.213936e-04
3.178564e-04
3.196308e-04
3.177045e-04
3.180004e-04
3.177134e-04
3.169964e-04
3.178255e-04
3.163351e-04
3.174297e-04
3.156314e-04
3.164646e-04
3.147948e-04
3.150580e-04
3.135884e-04
3.133262e-04
3.121622e-04
3.111479e-04
3.106554e-04
3.088595e-04
3.085793e-04
3.064070e-04
3.056655e-04
3.037682e-04
3.027133e-04
3.011750e-04
2.998995e-04
2.986024e-04
2.973044e-04
2.961687e-04
2.950286e-04
2.939122e-04
2.930188e-04
2.918773e-04
2.911995e-04
2.900335e-04
2.894536e-04
2.884300e-04
2.877670e-04
2.873597e-04
2.863558e-04
2.869792e-04
2.852824e-04
2.871305e-04
2.845244e-04
2.857395e-04
2.838731e-04
2.843024e-04
2.832063e-04
2.828449e-04
2.825023e-04
2.813817e-04
2.822043e-04
2.802596e-04
2.807919e-04
2.797230e-04
2.796283e-04
2.793193e-04
2.786281e-04
2.787819e-04
2.776221e-04
2.784659e-04
2.768316e-04
2.774476e-04
2.765110e-04
2.766887e-04
2.766068e-04
2.761212e-04
2.764133e-04
2.752890e-04
2.758166e-04
2.743297e-04
2.744796e-04
2.737025e-04
2.732504e-04
2.733912e-04
2.721802e-04
2.725197e-04
2.709268e-04
2.709839e-04
2.700178e-04
2.696205e-04
2.696056e-04
2.686038e-04
2.691231e-04
2.675920e-04
2.680773e-04
2.668090e-04
2.669643e-04
2.666507e-04
2.662154e-04
2.663802e-04
2.653389e-04
2.662623e-04
2.646696e-04
2.652065e-04
2.646917e-04
2.644974e-04
2.647932e-04
2.637560e-04
2.645041e-04
2.631542e-04
2.633249e-04
2.632835e-04
2.625927e-04
2.632940e-04
2.619451e-04
2.621476e-04
2.615316e-04
2.610531e-04
2.617305e-04
2.605342e-04
2.608444e-04
2.600638e-04
2.599074e-04
2.601700e-04
2.593332e-04
2.599363e-04
2.590459e-04
2.592970e-04
2.589724e-04
2.586805e-04
2.594848e-04
2.584631e-04
2.589954e-04
2.583213e-04
2.583725e-04
2.586124e-04
2.578955e-04
2.584064e-04
2.576662e-04
2.576498e-04
2.575438e-04
2.568247e-04
2.571525e-04
2.562124e-04
2.561206e-04
2.560803e-04
2.553027e-04
2.555784e-04
2.545921e-04
2.545743e-04
2.545255e-04
2.539585e-04
2.544791e-04
2.534118e-04
2.537545e-04
2.535004e-04
2.534059e-04
2.537050e-04
2.529902e-04
2.536520e-04
2.530647e-04
2.532931e-04
2.531753e-04
2.527714e-04
2.535331e-04
2.527980e-04
2.530033e-04
2.528026e-04
2.522822e-04
2.526747e-04
2.519526e-04
2.517977e-04
2.517808e-04
2.509673e-04
2.511585e-04
2.505752e-04
2.503132e-04
2.506830e-04
2.497960e-04
2.500195e-04
2.497405e-04
2.496099e-04
2.501550e-04
2.494860e-04
2.498860e-04
2.496581e-04
2.497211e-04
2.501900e-04
2.497032e-04
2.501953e-04
2.498067e-04
2.499556e-04
2.502719e-04
2.497969e-04
2.501661e-04
2.497088e-04
2.496826e-04
2.500185e-04
2.493559e-04
2.495304e-04
2.491325e-04
2.489477e-04
2.492288e-04
2.486843e-04
2.487647e-04
2.486434e-04
2.483774e-04
2.486252e-04
2.483112e-04
2.483757e-04
2.484298e-04
2.481821e-04
2.484492e-04
2.482649e-04
2.483811e-04
2.483102e-04
2.481410e-04
2.484168e-04
2.481599e-04
2.482731e-04
2.483330e-04
2.480921e-04
2.482770e-04
2.481672e-04
2.481231e-04
2.484113e-04
2.479641e-04
2.479776e-04
2.480065e-04
2.477777e-04
2.479346e-04
2.476350e-04
2.475820e-04
2.477776e-04
2.475083e-04
2.476441e-04
2.475279e-04
2.474770e-04
2.477506e-04
2.475439e-04
2.476650e-04
2.476285e-04
2.475821e-04
2.478414e-04
2.476689e-04
2.477872e-04
2.477230e-04
2.476887e-04
2.478970e-04
2.476526e-04
2.477672e-04
2.475930e-04
2.475489e-04
2.476702e-04
2.474064e-04
2.475224e-04
2.473065e-04
2.472600e-04
2.473781e-04
2.471066e-04
2.472403e-04
2.470800e-04
2.470589e-04
2.472059e-04
2.469474e-04
2.470756e-04
2.469716e-04
2.469297e-04
2.471712e-04
2.468576e-04
2.469217e-04
2.469344e-04
2.468018e-04
2.470114e-04
2.468270e-04
2.467916e-04
2.469534e-04
2.467103e-04
2.468183e-04
2.467319e-04
2.466100e-04
2.468041e-04
2.465828e-04
2.466335e-04
2.466853e-04
2.465318e-04
2.467005e-04
2.466379e-04
2.466683e-04
2.468349e-04
2.467043e-04
2.469031e-04
2.469073e-04
2.469922e-04
2.471218e-04
2.470679e-04
2.472992e-04
2.472466e-04
2.473484e-04
2.473719e-04
2.473074e-04
2.474859e-04
2.473130e-04
2.473574e-04
2.472552e-04
2.471178e-04
2.472401e-04
2.469254e-04
2.469326e-04
2.467678e-04
2.466028e-04
2.467734e-04
2.464284e-04
2.464788e-04
2.464212e-04
2.463154e-04
2.465708e-04
2.463682e-04
2.464694e-04
2.465535e-04
2.464983e-04
2.467580e-04
2.466641e-04
2.467380e-04
2.468315e-04
2.467443e-04
2.469398e-04
2.468087e-04
2.468320e-04
2.468603e-04
2.467174e-04
2.468511e-04
2.466665e-04
2.466412e-04
2.466648e-04
2.464578e-04
2.465575e-04
2.463760e-04
2.463001e-04
2.464104e-04
2.461492e-04
2.462388e-04
2.461614e-04
2.460799e-04
2.463194e-04
2.460865e-04
2.461970e-04
2.462467e-04
2.461869e-04
2.464256e-04
2.463158e-04
2.464045e-04
2.465061e-04
2.464181e-04
2.466003e-04
2.465465e-04
2.465854e-04
2.466569e-04
2.465352e-04
2.466732e-04
2.465795e-04
2.465893e-04
2.466133e-04
2.464606e-04
2.465631e-04
2.464470e-04
2.464233e-04
2.464748e-04
2.462810e-04
2.463627e-04
Time:1.000625e-01, dt: 2.463627e-04, dx:1.666667e-03 
itprint 1 
2.462864e-04
2.462411e-04
2.463462e-04
2.461443e-04
2.462393e-04
2.461994e-04
2.461550e-04
2.463336e-04
2.461316e-04
2.462188e-04
2.462260e-04
2.461476e-04
2.462785e-04
2.460174e-04
2.460822e-04
2.460780e-04
2.459924e-04
2.461853e-04
2.459691e-04
2.460250e-04
2.461336e-04
2.460191e-04
2.461786e-04
2.460293e-04
2.460266e-04
2.461276e-04
2.459665e-04
2.460912e-04
2.460038e-04
2.459976e-04
2.461525e-04
2.459859e-04
2.461014e-04
2.460988e-04
2.460761e-04
2.462364e-04
2.460540e-04
2.461394e-04
2.460600e-04
2.460173e-04
2.461308e-04
2.459382e-04
2.460496e-04
2.459862e-04
2.459538e-04
2.461094e-04
2.459023e-04
2.459796e-04
2.459446e-04
2.458858e-04
2.460385e-04
2.458231e-04
2.458964e-04
2.459130e-04
2.458329e-04
2.459980e-04
2.458072e-04
2.458511e-04
2.459236e-04
2.458063e-04
2.459397e-04
2.457817e-04
2.457987e-04
2.458794e-04
2.457405e-04
2.458571e-04
2.457295e-04
2.457278e-04
2.458360e-04
2.456788e-04
2.457932e-04
2.456986e-04
2.456924e-04
2.458304e-04
2.456622e-04
2.457645e-04
2.457279e-04
2.456988e-04
2.458732e-04
2.456790e-04
2.457529e-04
2.457649e-04
2.457029e-04
2.458564e-04
2.456669e-04
2.457219e-04
2.457584e-04
2.456796e-04
2.458304e-04
2.456492e-04
2.457017e-04
2.457554e-04
2.456719e-04
2.458255e-04
2.456678e-04
2.457176e-04
2.458104e-04
2.457161e-04
2.458559e-04
2.457432e-04
2.457683e-04
2.459051e-04
2.457754e-04
2.458753e-04
2.457721e-04
2.457542e-04
2.458949e-04
2.457264e-04
2.457885e-04
2.457477e-04
2.456859e-04
2.457919e-04
2.456942e-04
2.457097e-04
2.457307e-04
2.456219e-04
2.457090e-04
2.456173e-04
2.456211e-04
2.456820e-04
2.455439e-04
2.456115e-04
2.454865e-04
2.454533e-04
2.455348e-04
2.453626e-04
2.454414e-04
2.453618e-04
2.453343e-04
2.454954e-04
2.453812e-04
2.454697e-04
2.454883e-04
2.454704e-04
2.456313e-04
2.455855e-04
2.456718e-04
2.456683e-04
2.456551e-04
2.457024e-04
2.456388e-04
2.457417e-04
2.455442e-04
2.456247e-04
2.456344e-04
2.455345e-04
2.457025e-04
2.456151e-04
2.456177e-04
2.456386e-04
2.454834e-04
2.455986e-04
2.453601e-04
2.453558e-04
2.453944e-04
2.452113e-04
2.453181e-04
2.452138e-04
2.451782e-04
2.453592e-04
2.451656e-04
2.452310e-04
2.452942e-04
2.452117e-04
2.453381e-04
2.452352e-04
2.452510e-04
2.452687e-04
2.451837e-04
2.453432e-04
2.451575e-04
2.452048e-04
2.453312e-04
2.452080e-04
2.452739e-04
2.451765e-04
2.451461e-04
2.452833e-04
2.451110e-04
2.451807e-04
2.451059e-04
2.450614e-04
2.451963e-04
2.450635e-04
2.451155e-04
2.451308e-04
2.450574e-04
2.451710e-04
2.451080e-04
2.451247e-04
2.452217e-04
2.451139e-04
2.451969e-04
2.451707e-04
2.451569e-04
2.452822e-04
2.451546e-04
2.452146e-04
2.451919e-04
2.451582e-04
2.452724e-04
2.451685e-04
2.452192e-04
2.451952e-04
2.451527e-04
2.452658e-04
2.451739e-04
2.452231e-04
2.452129e-04
2.451635e-04
2.452712e-04
2.451966e-04
2.452281e-04
2.452204e-04
2.451431e-04
2.452463e-04
2.451196e-04
2.451909e-04
2.451348e-04
2.451066e-04
2.451723e-04
2.450980e-04
2.450930e-04
2.451077e-04
2.450079e-04
2.451162e-04
2.449961e-04
2.450457e-04
2.450758e-04
2.450299e-04
2.452034e-04
2.451076e-04
2.451968e-04
2.453144e-04
2.452309e-04
2.452412e-04
2.451296e-04
2.450749e-04
2.451383e-04
2.449764e-04
2.450606e-04
2.449670e-04
2.449721e-04
2.451248e-04
2.449970e-04
2.451069e-04
2.451001e-04
2.450917e-04
2.451508e-04
2.449904e-04
2.449877e-04
2.449127e-04
2.448073e-04
2.449047e-04
2.447678e-04
2.447914e-04
2.448535e-04
2.447589e-04
2.448744e-04
2.448681e-04
2.448828e-04
2.450460e-04
2.449588e-04
2.450383e-04
2.450252e-04
2.450083e-04
2.450725e-04
2.449415e-04
2.450341e-04
2.449705e-04
2.449705e-04
2.451303e-04
2.450072e-04
2.450923e-04
2.451027e-04
2.450769e-04
2.451919e-04
2.450972e-04
2.451502e-04
2.450624e-04
2.450152e-04
2.451336e-04
2.449906e-04
2.450366e-04
2.450291e-04
2.449543e-04
2.450472e-04
2.450066e-04
2.450013e-04
2.450733e-04
2.449631e-04
2.450144e-04
2.449732e-04
2.449546e-04
2.450304e-04
2.448956e-04
2.449515e-04
2.449227e-04
2.448886e-04
2.450027e-04
2.448675e-04
2.449170e-04
2.449075e-04
2.448628e-04
2.449718e-04
2.448539e-04
2.449068e-04
2.448662e-04
2.448311e-04
2.449575e-04
2.448466e-04
2.449117e-04
2.448899e-04
2.448554e-04
2.449792e-04
2.449053e-04
2.449482e-04
2.449434e-04
2.448428e-04
2.449220e-04
2.448335e-04
2.448375e-04
2.448600e-04
2.447509e-04
2.448459e-04
2.448392e-04
2.448412e-04
2.448907e-04
2.447651e-04
2.448257e-04
2.447636e-04
2.447382e-04
2.448306e-04
2.446709e-04
2.447087e-04
2.446648e-04
2.446070e-04
2.447132e-04
2.445846e-04
2.446221e-04
2.446295e-04
2.445645e-04
2.446651e-04
2.446244e-04
2.446498e-04
2.447106e-04
2.446345e-04
2.447255e-04
2.447372e-04
2.448115e-04
2.450098e-04
2.452950e-04
2.456364e-04
2.462301e-04
2.465349e-04
2.471384e-04
2.475516e-04
2.478475e-04
2.483368e-04
2.488580e-04
2.491802e-04
2.497713e-04
2.502630e-04
2.505654e-04
2.510400e-04
2.515555e-04
2.518585e-04
2.524335e-04
2.528652e-04
2.531635e-04
2.536209e-04
2.541229e-04
2.543952e-04
2.548823e-04
2.553288e-04
2.556236e-04
2.560713e-04
2.567119e-04
2.570078e-04
2.574765e-04
2.579921e-04
2.582617e-04
2.586464e-04
2.592158e-04
2.594847e-04
2.598849e-04
2.603923e-04
2.606507e-04
2.609981e-04
2.615222e-04
2.617646e-04
2.620940e-04
2.625381e-04
2.627760e-04
2.630827e-04
2.635600e-04
2.637990e-04
2.640937e-04
2.645451e-04
2.647657e-04
2.650394e-04
2.655704e-04
2.658104e-04
2.661091e-04
2.667799e-04
Time:2.000202e-01, dt: 2.667799e-04, dx:1.666667e-03 
itprint 2 
2.670438e-04
2.673720e-04
2.679814e-04
2.684444e-04
2.687713e-04
2.694211e-04
2.697585e-04
2.700502e-04
2.705698e-04
2.709806e-04
2.712608e-04
2.717857e-04
2.721806e-04
2.724617e-04
2.729191e-04
2.734051e-04
2.736825e-04
2.741156e-04
2.744866e-04
2.747237e-04
2.750639e-04
2.753628e-04
2.755755e-04
2.758467e-04
2.760046e-04
2.760494e-04
2.760765e-04
2.761097e-04
2.761545e-04
2.762057e-04
2.762453e-04
2.763022e-04
2.763807e-04
2.764915e-04
2.766337e-04
2.768231e-04
2.769740e-04
2.771319e-04
2.773241e-04
2.776100e-04
2.777716e-04
2.779696e-04
2.783425e-04
2.785200e-04
2.787522e-04
2.792192e-04
2.795045e-04
2.797526e-04
2.801655e-04
2.803037e-04
2.804501e-04
2.807132e-04
2.808363e-04
2.810046e-04
2.813108e-04
2.818964e-04
2.822280e-04
2.826511e-04
2.833661e-04
2.835962e-04
2.838758e-04
2.842654e-04
2.844024e-04
2.845873e-04
2.848130e-04
2.849812e-04
2.852116e-04
2.854930e-04
2.856550e-04
2.857362e-04
2.857523e-04
2.857667e-04
2.857911e-04
2.858247e-04
2.858415e-04
2.858644e-04
2.859046e-04
2.859678e-04
2.860494e-04
2.860912e-04
2.861728e-04
2.862920e-04
2.864483e-04
2.866359e-04
2.867932e-04
2.869491e-04
2.870554e-04
2.871492e-04
2.872525e-04
2.873135e-04
2.873895e-04
2.875028e-04
2.876379e-04
2.878073e-04
2.879657e-04
2.881362e-04
2.882917e-04
2.883756e-04
2.884787e-04
2.885851e-04
2.886661e-04
2.888300e-04
2.890647e-04
2.894124e-04
2.896365e-04
2.898607e-04
2.902133e-04
2.903763e-04
2.905455e-04
2.907703e-04
2.908896e-04
2.910536e-04
2.912559e-04
2.914529e-04
2.915872e-04
2.917532e-04
2.919786e-04
2.920917e-04
2.922676e-04
2.925683e-04
2.929123e-04
2.931759e-04
2.935033e-04
2.941271e-04
2.943941e-04
2.947179e-04
2.951680e-04
2.953576e-04
2.956091e-04
2.957772e-04
2.958873e-04
2.959748e-04
2.959813e-04
2.960117e-04
2.960028e-04
2.959907e-04
2.960078e-04
2.960887e-04
2.961368e-04
2.961773e-04
2.962597e-04
2.963638e-04
2.963360e-04
2.963214e-04
2.963081e-04
2.962583e-04
2.962376e-04
2.963438e-04
2.964675e-04
2.965777e-04
2.968057e-04
2.971969e-04
2.976883e-04
2.980060e-04
2.984432e-04
2.991400e-04
2.993920e-04
2.997162e-04
3.001448e-04
3.002044e-04
3.003227e-04
3.004323e-04
3.003577e-04
3.003020e-04
3.003319e-04
3.003328e-04
3.004159e-04
3.006713e-04
3.010591e-04
3.012880e-04
3.014434e-04
3.014298e-04
3.016680e-04
3.013726e-04
3.010971e-04
3.009251e-04
3.010226e-04
3.008174e-04
3.005445e-04
3.003625e-04
3.004076e-04
3.006945e-04
3.005078e-04
3.003815e-04
3.004032e-04
3.007303e-04
3.008289e-04
3.007149e-04
3.006607e-04
3.008004e-04
3.007783e-04
3.006124e-04
3.004871e-04
3.005092e-04
3.005729e-04
3.004372e-04
3.003434e-04
3.003516e-04
3.006054e-04
3.007552e-04
3.006812e-04
3.006506e-04
3.007777e-04
3.011880e-04
3.010299e-04
3.008717e-04
3.007915e-04
3.009523e-04
3.008157e-04
3.005439e-04
3.003287e-04
3.003061e-04
3.003141e-04
3.000589e-04
2.998653e-04
2.998261e-04
3.000960e-04
3.000446e-04
2.999161e-04
2.998645e-04
3.000227e-04
3.002324e-04
3.000987e-04
2.999991e-04
3.000309e-04
3.001100e-04
2.999572e-04
2.998436e-04
2.998300e-04
3.000330e-04
2.999399e-04
2.998826e-04
2.998745e-04
3.000179e-04
3.003281e-04
3.002448e-04
3.001677e-04
3.001741e-04
3.004247e-04
3.004735e-04
3.002931e-04
3.001513e-04
3.001717e-04
3.002250e-04
2.999527e-04
2.997113e-04
2.995974e-04
2.997817e-04
2.995835e-04
2.993637e-04
2.992482e-04
2.993694e-04
2.995034e-04
2.993538e-04
2.992516e-04
2.992789e-04
2.994659e-04
2.993513e-04
2.993262e-04
2.993884e-04
2.997371e-04
3.003762e-04
3.011833e-04
3.011834e-04
3.012267e-04
3.013022e-04
3.012088e-04
3.011114e-04
3.010767e-04
3.010987e-04
3.011639e-04
3.010217e-04
3.009735e-04
3.009896e-04
3.010551e-04
3.010092e-04
3.009185e-04
3.008937e-04
3.009287e-04
3.009842e-04
3.008242e-04
3.007425e-04
3.007400e-04
3.008226e-04
3.006697e-04
3.005818e-04
3.005810e-04
3.006716e-04
3.006837e-04
3.006567e-04
3.006993e-04
3.008469e-04
3.010875e-04
3.015949e-04
3.027966e-04
3.031088e-04
3.034987e-04
3.039849e-04
3.051148e-04
3.068911e-04
3.075346e-04
3.083127e-04
3.094615e-04
3.122493e-04
3.160950e-04
3.161399e-04
3.159552e-04
3.158516e-04
3.158465e-04
3.159545e-04
3.159459e-04
3.157536e-04
3.156537e-04
3.156584e-04
3.157758e-04
3.155696e-04
3.154205e-04
3.153652e-04
3.154184e-04
3.155349e-04
3.153796e-04
3.153051e-04
3.153180e-04
3.154216e-04
3.156173e-04
3.156925e-04
3.156706e-04
3.156741e-04
3.157002e-04
3.157484e-04
3.159509e-04
3.166088e-04
3.189383e-04
3.218242e-04
3.234407e-04
3.253517e-04
3.272771e-04
3.318052e-04
3.357515e-04
Time:3.000817e-01, dt: 3.357515e-04, dx:1.666667e-03 
itprint 3 
3.362204e-04
3.367141e-04
3.374079e-04
3.387374e-04
3.410104e-04
3.416752e-04
3.426108e-04
3.440701e-04
3.482772e-04
3.499888e-04
3.510305e-04
3.521620e-04
3.545501e-04
3.534844e-04
3.521774e-04
3.524678e-04
3.534197e-04
3.539857e-04
3.538057e-04
3.535019e-04
3.537384e-04
3.532857e-04
3.523944e-04
3.517604e-04
3.520330e-04
3.533215e-04
3.551629e-04
3.569868e-04
3.584614e-04
3.589217e-04
3.595198e-04
3.602595e-04
3.614021e-04
3.619951e-04
3.603587e-04
3.592181e-04
3.587008e-04
3.588152e-04
3.589474e-04
3.585938e-04
3.579433e-04
3.571320e-04
3.567353e-04
3.565166e-04
3.559933e-04
3.557559e-04
3.556536e-04
3.554201e-04
3.545233e-04
3.536237e-04
3.530595e-04
3.524105e-04
3.519467e-04
3.517670e-04
3.513705e-04
3.515018e-04
3.515547e-04
3.516717e-04
3.519892e-04
3.521204e-04
3.523388e-04
3.524730e-04
3.523312e-04
3.525126e-04
3.527192e-04
3.529318e-04
3.533812e-04
3.536139e-04
3.534784e-04
3.533828e-04
3.532279e-04
3.533412e-04
3.532280e-04
3.533269e-04
3.535769e-04
3.536640e-04
3.540169e-04
3.542233e-04
3.545022e-04
3.549850e-04
3.552241e-04
3.540257e-04
3.531575e-04
3.525974e-04
3.523835e-04
3.525976e-04
3.533494e-04
3.540099e-04
3.529953e-04
3.520764e-04
3.513651e-04
3.510136e-04
3.511966e-04
3.520645e-04
3.536853e-04
3.532763e-04
3.529421e-04
3.528225e-04
3.528752e-04
3.530855e-04
3.534689e-04
3.541153e-04
3.551325e-04
3.548429e-04
3.538365e-04
3.528423e-04
3.520319e-04
3.515916e-04
3.517101e-04
3.525592e-04
3.524384e-04
3.521869e-04
3.521782e-04
3.519888e-04
3.518959e-04
3.519208e-04
3.519867e-04
3.520505e-04
3.520228e-04
3.520064e-04
3.520021e-04
3.520027e-04
3.519784e-04
3.518361e-04
3.512136e-04
3.503540e-04
3.494283e-04
3.486044e-04
3.478598e-04
3.470618e-04
3.464201e-04
3.459680e-04
3.454423e-04
3.449531e-04
3.446283e-04
3.444402e-04
3.440354e-04
3.436618e-04
3.433717e-04
3.431426e-04
3.429617e-04
3.427386e-04
3.423580e-04
3.420060e-04
3.416666e-04
3.413115e-04
3.409159e-04
3.404684e-04
3.399672e-04
3.394056e-04
3.387869e-04
3.381307e-04
3.374693e-04
3.368375e-04
3.362627e-04
3.357650e-04
3.351850e-04
3.344872e-04
3.338858e-04
3.333977e-04
3.330325e-04
3.327737e-04
3.326105e-04
3.322723e-04
3.318405e-04
3.314892e-04
3.312010e-04
3.309572e-04
3.307399e-04
3.305385e-04
3.303538e-04
3.301846e-04
3.299182e-04
3.294115e-04
3.289161e-04
3.284445e-04
3.280103e-04
3.276201e-04
3.272735e-04
3.269686e-04
3.267058e-04
3.264515e-04
3.258553e-04
3.253254e-04
3.248728e-04
3.245078e-04
3.242352e-04
3.240541e-04
3.239570e-04
3.239317e-04
3.238693e-04
3.235634e-04
3.233218e-04
3.231294e-04
3.229737e-04
3.228468e-04
3.227397e-04
3.226430e-04
3.225695e-04
3.225364e-04
3.221853e-04
3.218331e-04
3.215287e-04
3.212685e-04
3.210471e-04
3.208621e-04
3.207143e-04
3.206089e-04
3.205522e-04
3.202316e-04
3.199450e-04
3.197205e-04
3.195606e-04
3.194643e-04
3.194281e-04
3.194453e-04
3.195085e-04
3.196138e-04
3.197621e-04
3.196726e-04
3.195810e-04
3.195270e-04
3.195102e-04
3.195284e-04
3.195778e-04
3.196535e-04
3.197516e-04
3.196992e-04
3.195362e-04
3.194016e-04
3.192970e-04
3.192228e-04
3.191782e-04
3.191624e-04
3.191765e-04
3.192240e-04
3.189203e-04
3.183385e-04
3.178147e-04
3.173521e-04
3.169526e-04
3.166166e-04
3.163448e-04
3.161363e-04
3.159892e-04
3.158998e-04
3.155660e-04
3.152315e-04
3.149448e-04
3.146972e-04
3.144805e-04
3.142884e-04
3.141178e-04
3.139690e-04
3.138433e-04
3.134904e-04
3.130990e-04
3.127271e-04
3.123746e-04
3.120420e-04
3.117320e-04
3.114497e-04
3.112037e-04
3.109440e-04
3.104473e-04
3.100008e-04
3.096132e-04
3.092908e-04
3.090363e-04
3.088505e-04
3.087343e-04
3.086096e-04
3.083172e-04
3.080977e-04
3.079464e-04
3.078562e-04
3.078177e-04
3.078197e-04
3.078499e-04
3.078974e-04
3.078939e-04
3.076872e-04
3.074766e-04
3.072638e-04
3.070560e-04
3.068578e-04
3.066723e-04
3.063633e-04
3.058941e-04
3.054511e-04
3.050395e-04
3.046653e-04
3.043371e-04
3.040610e-04
3.038497e-04
3.037129e-04
3.034037e-04
3.031756e-04
Time:4.000356e-01, dt: 3.031756e-04, dx:1.666667e-03 
itprint 4 
3.030321e-04
3.029727e-04
3.029953e-04
3.030890e-04
3.032506e-04
3.034663e-04
3.037250e-04
3.036751e-04
3.036247e-04
3.036163e-04
3.036593e-04
3.035261e-04
3.032599e-04
3.030203e-04
3.027916e-04
3.025686e-04
3.023580e-04
3.021686e-04
3.020056e-04
3.018701e-04
3.017615e-04
3.016323e-04
3.014873e-04
3.013704e-04
3.012837e-04
3.012349e-04
3.012307e-04
3.012727e-04
3.013647e-04
3.015065e-04
3.016825e-04
3.015809e-04
3.014654e-04
3.013367e-04
3.010260e-04
3.006324e-04
3.003210e-04
3.000955e-04
2.999453e-04
2.998581e-04
2.998312e-04
2.998672e-04
2.999667e-04
3.001288e-04
3.003096e-04
3.003209e-04
3.003637e-04
3.004280e-04
3.005042e-04
3.005924e-04
3.006834e-04
3.005468e-04
3.003301e-04
3.001071e-04
2.998769e-04
2.996369e-04
2.994019e-04
2.991955e-04
2.990363e-04
2.989322e-04
2.988839e-04
2.988898e-04
2.989507e-04
2.990703e-04
2.991833e-04
2.993536e-04
2.995826e-04
2.998400e-04
3.001404e-04
3.004963e-04
3.005718e-04
3.006161e-04
3.005543e-04
3.003499e-04
3.001554e-04
2.999944e-04
2.998361e-04
2.998320e-04
2.999887e-04
3.002301e-04
3.006224e-04
3.010664e-04
3.015287e-04
3.019995e-04
3.024742e-04
3.029766e-04
3.035089e-04
3.040726e-04
3.046803e-04
3.053302e-04
3.060003e-04
3.065309e-04
3.071377e-04
3.078443e-04
3.086209e-04
3.094378e-04
3.096654e-04
3.085000e-04
3.075709e-04
3.066365e-04
3.057317e-04
3.049347e-04
3.043053e-04
3.038706e-04
3.035863e-04
3.032801e-04
3.029053e-04
3.025887e-04
3.024049e-04
3.023483e-04
3.023559e-04
3.023463e-04
3.022834e-04
3.022195e-04
3.022372e-04
3.023959e-04
3.027063e-04
3.031313e-04
3.033965e-04
3.036188e-04
3.039991e-04
3.045264e-04
3.051943e-04
3.059919e-04
3.069354e-04
3.080626e-04
3.093580e-04
3.103036e-04
3.098000e-04
3.089290e-04
3.080866e-04
3.073050e-04
3.067790e-04
3.064622e-04
3.062436e-04
3.058890e-04
3.056693e-04
3.055305e-04
3.054314e-04
3.053605e-04
3.053479e-04
3.054188e-04
3.055749e-04
3.057815e-04
3.060069e-04
3.062563e-04
3.065494e-04
3.068915e-04
3.072698e-04
3.076761e-04
3.081178e-04
3.086009e-04
3.091253e-04
3.096876e-04
3.102160e-04
3.104500e-04
3.106806e-04
3.107201e-04
3.106981e-04
3.106736e-04
3.107224e-04
3.107872e-04
3.108619e-04
3.109546e-04
3.110693e-04
3.112210e-04
3.113727e-04
3.113302e-04
3.112365e-04
3.111256e-04
3.109964e-04
3.108553e-04
3.107100e-04
3.105653e-04
3.104257e-04
3.103002e-04
3.101941e-04
3.101196e-04
3.101018e-04
3.101565e-04
3.102706e-04
3.104225e-04
3.105917e-04
3.107639e-04
3.109371e-04
3.111253e-04
3.113516e-04
3.114539e-04
3.115427e-04
3.116494e-04
3.115952e-04
3.115257e-04
3.115862e-04
3.117288e-04
3.118619e-04
3.119287e-04
3.120896e-04
3.122542e-04
3.124079e-04
3.125636e-04
3.127212e-04
3.128797e-04
3.130233e-04
3.131307e-04
3.132051e-04
3.132928e-04
3.133955e-04
3.135054e-04
3.136265e-04
3.135488e-04
3.134068e-04
3.132540e-04
3.131180e-04
3.129836e-04
3.128312e-04
3.126754e-04
3.125484e-04
3.124649e-04
3.124239e-04
3.124160e-04
3.124359e-04
3.124864e-04
3.125738e-04
3.126997e-04
3.128550e-04
3.130247e-04
3.132015e-04
3.133059e-04
3.133725e-04
3.134318e-04
3.134894e-04
3.135396e-04
3.135393e-04
3.133987e-04
3.132570e-04
3.130850e-04
3.128871e-04
3.126954e-04
3.125384e-04
3.124291e-04
3.123623e-04
3.123270e-04
3.123215e-04
3.123538e-04
3.124303e-04
3.125521e-04
3.127190e-04
3.129250e-04
3.131584e-04
3.134105e-04
3.136724e-04
3.139368e-04
3.141957e-04
3.144420e-04
3.145799e-04
3.145194e-04
3.144162e-04
3.142951e-04
3.141339e-04
3.138856e-04
3.137046e-04
3.135884e-04
3.135156e-04
3.134788e-04
3.134306e-04
3.133921e-04
3.133931e-04
3.134352e-04
3.135205e-04
3.136477e-04
3.138127e-04
3.140159e-04
3.142551e-04
3.145223e-04
3.147697e-04
3.148657e-04
3.149298e-04
3.149830e-04
3.150335e-04
3.148762e-04
3.146754e-04
3.145087e-04
3.143640e-04
3.142306e-04
3.141134e-04
3.140259e-04
3.139800e-04
3.139787e-04
3.140180e-04
3.140903e-04
3.141886e-04
3.143139e-04
3.144659e-04
3.146416e-04
3.148367e-04
3.150396e-04
3.152432e-04
3.153408e-04
3.153016e-04
3.152473e-04
3.151886e-04
3.151318e-04
3.150722e-04
3.150070e-04
3.149389e-04
3.148769e-04
3.148336e-04
3.148176e-04
3.148337e-04
3.148865e-04
3.149803e-04
3.151152e-04
3.152869e-04
3.153820e-04
3.154227e-04
3.154751e-04
3.155407e-04
3.156176e-04
3.157026e-04
3.156764e-04
3.155492e-04
3.154199e-04
3.153007e-04
3.152020e-04
3.151297e-04
Time:5.002557e-01, dt: 3.151297e-04, dx:1.666667e-03 
itprint 5 
3.150856e-04
3.150668e-04
3.150693e-04
3.150930e-04
3.151412e-04
3.152173e-04
3.153222e-04
3.154537e-04
3.156079e-04
3.157833e-04
3.159785e-04
3.161904e-04
3.162125e-04
3.162397e-04
3.162724e-04
3.163083e-04
3.163494e-04
3.163965e-04
3.164507e-04
3.165134e-04
3.165863e-04
3.166713e-04
3.167710e-04
3.167471e-04
3.167287e-04
3.167342e-04
3.167643e-04
3.168175e-04
3.168919e-04
3.169857e-04
3.170992e-04
3.172315e-04
3.173806e-04
3.175438e-04
3.176280e-04
3.176759e-04
3.177235e-04
3.177659e-04
3.177979e-04
3.178284e-04
3.178568e-04
3.178795e-04
3.179019e-04
3.179317e-04
3.179748e-04
3.180338e-04
3.181142e-04
3.182230e-04
3.182699e-04
3.182855e-04
3.183342e-04
3.184130e-04
3.185208e-04
3.186549e-04
3.188123e-04
3.189895e-04
3.191809e-04
3.193801e-04
3.195818e-04
3.197838e-04
3.199040e-04
3.199036e-04
3.199028e-04
3.199062e-04
3.199097e-04
3.199092e-04
3.199069e-04
3.199071e-04
3.199163e-04
3.199395e-04
3.199797e-04
3.200385e-04
3.201153e-04
3.201653e-04
3.202017e-04
3.202360e-04
3.202644e-04
3.202939e-04
3.203238e-04
3.203463e-04
3.203542e-04
3.203479e-04
3.203315e-04
3.203117e-04
3.202938e-04
3.202354e-04
3.200775e-04
3.199438e-04
3.198363e-04
3.197544e-04
3.196952e-04
3.196552e-04
3.196310e-04
3.196200e-04
3.196220e-04
3.196347e-04
3.196556e-04
3.196783e-04
3.196998e-04
3.197226e-04
3.197424e-04
3.196421e-04
3.194295e-04
3.192060e-04
3.189890e-04
3.187868e-04
3.186034e-04
3.184443e-04
3.183139e-04
3.182169e-04
3.181565e-04
3.181371e-04
3.180767e-04
3.180542e-04
3.180631e-04
3.180965e-04
3.181508e-04
3.182174e-04
3.182902e-04
3.183678e-04
3.184511e-04
3.185469e-04
3.185202e-04
3.184058e-04
3.182880e-04
3.181566e-04
3.180093e-04
3.178534e-04
3.177004e-04
3.175623e-04
3.174479e-04
3.173627e-04
3.173097e-04
3.172926e-04
3.173136e-04
3.173738e-04
3.174773e-04
3.176219e-04
3.177051e-04
3.176972e-04
3.177042e-04
3.177221e-04
3.177580e-04
3.178219e-04
3.178664e-04
3.177166e-04
3.175818e-04
3.174509e-04
3.173304e-04
3.172341e-04
3.171688e-04
3.171297e-04
3.171054e-04
3.170875e-04
3.170747e-04
3.170706e-04
3.170776e-04
3.170979e-04
3.171335e-04
3.171837e-04
3.172457e-04
3.171921e-04
3.170756e-04
3.169593e-04
3.168382e-04
3.167214e-04
3.166257e-04
3.165622e-04
3.165299e-04
3.163654e-04
3.162111e-04
3.160881e-04
3.159936e-04
3.159271e-04
3.158884e-04
3.158770e-04
3.158920e-04
3.159296e-04
3.159809e-04
3.160373e-04
3.160940e-04
3.161515e-04
3.161094e-04
3.159913e-04
3.158747e-04
3.157602e-04
3.156474e-04
3.155383e-04
3.154355e-04
3.153398e-04
3.152539e-04
3.151816e-04
3.151268e-04
3.150935e-04
3.150843e-04
3.149497e-04
3.148311e-04
3.147296e-04
3.146475e-04
3.145856e-04
3.145434e-04
3.145205e-04
3.145160e-04
3.145292e-04
3.143688e-04
3.141913e-04
3.140397e-04
3.139154e-04
3.138194e-04
3.137517e-04
3.137103e-04
3.136912e-04
3.136904e-04
3.137055e-04
3.137361e-04
3.137820e-04
3.138428e-04
3.139140e-04
3.137996e-04
3.136916e-04
3.135920e-04
3.135006e-04
3.134178e-04
3.133452e-04
3.132858e-04
3.131868e-04
3.129556e-04
3.127563e-04
3.125991e-04
3.124886e-04
3.124234e-04
3.123995e-04
3.124136e-04
3.124633e-04
3.125478e-04
3.126671e-04
3.128199e-04
3.130023e-04
3.132086e-04
3.132486e-04
3.132697e-04
3.133008e-04
3.133354e-04
3.133662e-04
3.133905e-04
3.134115e-04
3.134319e-04
3.134531e-04
3.133856e-04
3.133123e-04
3.132554e-04
3.132128e-04
3.131853e-04
3.131743e-04
3.131813e-04
3.132077e-04
3.132551e-04
3.133235e-04
3.134110e-04
3.135142e-04
3.136285e-04
3.137379e-04
3.136278e-04
3.135237e-04
3.134382e-04
3.133716e-04
3.133196e-04
3.132798e-04
3.132539e-04
3.132459e-04
3.132607e-04
3.133019e-04
3.133699e-04
3.133924e-04
3.134172e-04
3.134616e-04
3.135176e-04
3.135784e-04
3.136410e-04
3.137056e-04
3.137781e-04
3.138659e-04
3.139671e-04
3.140099e-04
3.139051e-04
3.138205e-04
3.137584e-04
3.137250e-04
3.137271e-04
3.137686e-04
3.138491e-04
3.139651e-04
3.141128e-04
3.142875e-04
3.144827e-04
3.146958e-04
3.149281e-04
3.151792e-04
3.154488e-04
3.157351e-04
3.157965e-04
3.158143e-04
3.158188e-04
3.157516e-04
3.154936e-04
3.152192e-04
3.149804e-04
3.147947e-04
3.146579e-04
3.145566e-04
3.144848e-04
3.144485e-04
3.144566e-04
3.145103e-04
3.146009e-04
3.147154e-04
Time:6.001930e-01, dt: 3.147154e-04, dx:1.666667e-03 
itprint 6 
3.148465e-04
3.149915e-04
3.151478e-04
3.153057e-04
3.154478e-04
3.155577e-04
3.156432e-04
3.157504e-04
3.158908e-04
3.159203e-04
3.158217e-04
3.157436e-04
3.156811e-04
3.156197e-04
3.155558e-04
3.154989e-04
3.154637e-04
3.154628e-04
3.155041e-04
3.155847e-04
3.156911e-04
3.158124e-04
3.159450e-04
3.160892e-04
3.162448e-04
3.164093e-04
3.165819e-04
3.167625e-04
3.168199e-04
3.168635e-04
3.168976e-04
3.169192e-04
3.168819e-04
3.167863e-04
3.167084e-04
3.166148e-04
3.164949e-04
3.163884e-04
3.163320e-04
3.163259e-04
3.163544e-04
3.164029e-04
3.164597e-04
3.165211e-04
3.165944e-04
3.166858e-04
3.167862e-04
3.168783e-04
3.169549e-04
3.170329e-04
3.171289e-04
3.172421e-04
3.173204e-04
3.172149e-04
3.171202e-04
3.170281e-04
3.169267e-04
3.168191e-04
3.167182e-04
3.166333e-04
3.165681e-04
3.165243e-04
3.164999e-04
3.164947e-04
3.165091e-04
3.165407e-04
3.165864e-04
3.166500e-04
3.167352e-04
3.168441e-04
3.169750e-04
3.171177e-04
3.172582e-04
3.173875e-04
3.175078e-04
3.176458e-04
3.175853e-04
3.175212e-04
3.174753e-04
3.174391e-04
3.174039e-04
3.173582e-04
3.173011e-04
3.172420e-04
3.171935e-04
3.171615e-04
3.171454e-04
3.171426e-04
3.171525e-04
3.171740e-04
3.172072e-04
3.172555e-04
3.173230e-04
3.174099e-04
3.175157e-04
3.176412e-04
3.177840e-04
3.179356e-04
3.180852e-04
3.182191e-04
3.181931e-04
3.181466e-04
3.180818e-04
3.180196e-04
3.179108e-04
3.178065e-04
3.177700e-04
3.177805e-04
3.178018e-04
3.177338e-04
3.176812e-04
3.176500e-04
3.176388e-04
3.176434e-04
3.176583e-04
3.176829e-04
3.177195e-04
3.177733e-04
3.178499e-04
3.179503e-04
3.180711e-04
3.182076e-04
3.183557e-04
3.185106e-04
3.186657e-04
3.188173e-04
3.189235e-04
3.189083e-04
3.188724e-04
3.188307e-04
3.187993e-04
3.187806e-04
3.187718e-04
3.187696e-04
3.187765e-04
3.188003e-04
3.188452e-04
3.189119e-04
3.189983e-04
3.190997e-04
3.192114e-04
3.193294e-04
3.194506e-04
3.195723e-04
3.196921e-04
3.198084e-04
3.199206e-04
3.200283e-04
3.201322e-04
3.202333e-04
3.203332e-04
3.204334e-04
3.205357e-04
3.206418e-04
3.207533e-04
3.208721e-04
3.209999e-04
3.211378e-04
3.212861e-04
3.214447e-04
3.216127e-04
3.217559e-04
3.219017e-04
3.220699e-04
3.222587e-04
3.224654e-04
3.226870e-04
3.229197e-04
3.231577e-04
3.233575e-04
3.235573e-04
3.237582e-04
3.239617e-04
3.241694e-04
3.243832e-04
3.246048e-04
3.248359e-04
3.250775e-04
3.253119e-04
3.254918e-04
3.256724e-04
3.258568e-04
3.260481e-04
3.262495e-04
3.264634e-04
3.266918e-04
3.269363e-04
3.271987e-04
3.274811e-04
3.277848e-04
3.281105e-04
3.284573e-04
3.288233e-04
3.292059e-04
3.296012e-04
3.300053e-04
3.304135e-04
3.308207e-04
3.312232e-04
3.316185e-04
3.320049e-04
3.323815e-04
3.327479e-04
3.331043e-04
3.334511e-04
3.337905e-04
3.341264e-04
3.344630e-04
3.348046e-04
3.351556e-04
3.355190e-04
3.358973e-04
3.362940e-04
3.367133e-04
3.371587e-04
3.376313e-04
3.381294e-04
3.386498e-04
3.391884e-04
3.397405e-04
3.403002e-04
3.408619e-04
3.414205e-04
3.419722e-04
3.425139e-04
3.430430e-04
3.435575e-04
3.440572e-04
3.445434e-04
3.450202e-04
3.454933e-04
3.459693e-04
3.464545e-04
3.469540e-04
3.474727e-04
3.480164e-04
3.485899e-04
3.491963e-04
3.498356e-04
3.505064e-04
3.512056e-04
3.513710e-04
3.515516e-04
3.517482e-04
3.519658e-04
3.522098e-04
3.524645e-04
3.527096e-04
3.529401e-04
3.531550e-04
3.533527e-04
3.535324e-04
3.536995e-04
3.538674e-04
3.540377e-04
3.541814e-04
3.541771e-04
3.541826e-04
3.541834e-04
3.541838e-04
3.542012e-04
3.542437e-04
3.543123e-04
3.544079e-04
3.545316e-04
3.546875e-04
3.548796e-04
3.551115e-04
3.553571e-04
3.555978e-04
3.558321e-04
3.560578e-04
3.562719e-04
3.564727e-04
3.566662e-04
3.568584e-04
3.569328e-04
3.569288e-04
3.569196e-04
3.568967e-04
3.568608e-04
3.568243e-04
3.567985e-04
3.567900e-04
3.568053e-04
3.568507e-04
3.569303e-04
3.570473e-04
3.572043e-04
3.574053e-04
3.576297e-04
3.578505e-04
3.580653e-04
3.582826e-04
3.585063e-04
3.587348e-04
3.589642e-04
3.591127e-04
3.591592e-04
3.591905e-04
3.591997e-04
3.591989e-04
3.591970e-04
Time:7.000081e-01, dt: 3.591970e-04, dx:1.666667e-03 
itprint 7 
3.591907e-04
3.591774e-04
3.591689e-04
3.591808e-04
3.592228e-04
3.592942e-04
3.593907e-04
3.595088e-04
3.596475e-04
3.598077e-04
3.599875e-04
3.601801e-04
3.602222e-04
3.602506e-04
3.602742e-04
3.602896e-04
3.602978e-04
3.603073e-04
3.603184e-04
3.603247e-04
3.603225e-04
3.603134e-04
3.603023e-04
3.602950e-04
3.602948e-04
3.603038e-04
3.603262e-04
3.603280e-04
3.602700e-04
3.602109e-04
3.601448e-04
3.600657e-04
3.599789e-04
3.599022e-04
3.598409e-04
3.597948e-04
3.597650e-04
3.596546e-04
3.595414e-04
3.594535e-04
3.593918e-04
3.593513e-04
3.593243e-04
3.593043e-04
3.592869e-04
3.592670e-04
3.592345e-04
3.591918e-04
3.591665e-04
3.591645e-04
3.591599e-04
3.591343e-04
3.590931e-04
3.590453e-04
3.589147e-04
3.586935e-04
3.584883e-04
3.583023e-04
3.581343e-04
3.579857e-04
3.578641e-04
3.577837e-04
3.577557e-04
3.577473e-04
3.577327e-04
3.577057e-04
3.576768e-04
3.576572e-04
3.576582e-04
3.576842e-04
3.577258e-04
3.576556e-04
3.574854e-04
3.573238e-04
3.571641e-04
3.570093e-04
3.568667e-04
3.567403e-04
3.566322e-04
3.565456e-04
3.564845e-04
3.564527e-04
3.564543e-04
3.564908e-04
3.565591e-04
3.566531e-04
3.567685e-04
3.566918e-04
3.565939e-04
3.565087e-04
3.564170e-04
3.563335e-04
3.562771e-04
3.562453e-04
3.562327e-04
3.562406e-04
3.562739e-04
3.563350e-04
3.563332e-04
3.562540e-04
3.562133e-04
3.561964e-04
3.561866e-04
3.561814e-04
3.561914e-04
3.562225e-04
3.562741e-04
3.563414e-04
3.564187e-04
3.564970e-04
3.565723e-04
3.566206e-04
3.564673e-04
3.563335e-04
3.562221e-04
3.561346e-04
3.560680e-04
3.560192e-04
3.559885e-04
3.559783e-04
3.559864e-04
3.560027e-04
3.560193e-04
3.560340e-04
3.560606e-04
3.561167e-04
3.561935e-04
3.562765e-04
3.562393e-04
3.560709e-04
3.558955e-04
3.557249e-04
3.555618e-04
3.554074e-04
3.552658e-04
3.551402e-04
3.550347e-04
3.549546e-04
3.549045e-04
3.548909e-04
3.549078e-04
3.549404e-04
3.549773e-04
3.548634e-04
3.546984e-04
3.545355e-04
3.543636e-04
3.542278e-04
3.541233e-04
3.540390e-04
3.539681e-04
3.539061e-04
3.538512e-04
3.538010e-04
3.537567e-04
3.537204e-04
3.536960e-04
3.536847e-04
3.536808e-04
3.536571e-04
3.534471e-04
3.532332e-04
3.530284e-04
3.528501e-04
3.526741e-04
3.524821e-04
3.522963e-04
3.521313e-04
3.519888e-04
3.518657e-04
3.517568e-04
3.516610e-04
3.515792e-04
3.515095e-04
3.513636e-04
3.512349e-04
3.511278e-04
3.510189e-04
3.508876e-04
3.507259e-04
3.505535e-04
3.503902e-04
3.502252e-04
3.500358e-04
3.498171e-04
3.495806e-04
3.493359e-04
3.490855e-04
3.488343e-04
3.485888e-04
3.483555e-04
3.481392e-04
3.479431e-04
3.477693e-04
3.475131e-04
3.472391e-04
3.469839e-04
3.467478e-04
3.465289e-04
3.463261e-04
3.461415e-04
3.459827e-04
3.458491e-04
3.457261e-04
3.456027e-04
3.454768e-04
3.453504e-04
3.452241e-04
3.450998e-04
3.448375e-04
3.445365e-04
3.442542e-04
3.439916e-04
3.437492e-04
3.435300e-04
3.433402e-04
3.431823e-04
3.430388e-04
3.428915e-04
3.427437e-04
3.426113e-04
3.425041e-04
3.424196e-04
3.423564e-04
3.423119e-04
3.422790e-04
3.420811e-04
3.418286e-04
3.415825e-04
3.413487e-04
3.411355e-04
3.409446e-04
3.407731e-04
3.406210e-04
3.404946e-04
3.404005e-04
3.403387e-04
3.403045e-04
3.402938e-04
3.403047e-04
3.403372e-04
3.403415e-04
3.402147e-04
3.400998e-04
3.399877e-04
3.398800e-04
3.397822e-04
3.396937e-04
3.396148e-04
3.395472e-04
3.394932e-04
3.394549e-04
3.394346e-04
3.394348e-04
3.394585e-04
3.393099e-04
3.391784e-04
3.390673e-04
3.389873e-04
3.389496e-04
3.389477e-04
3.389677e-04
3.390054e-04
3.390639e-04
3.391428e-04
3.392384e-04
3.393477e-04
3.392947e-04
3.392123e-04
3.391581e-04
3.391354e-04
3.391483e-04
3.391974e-04
3.392719e-04
3.393530e-04
3.394311e-04
3.395100e-04
3.395988e-04
3.397044e-04
3.398276e-04
3.399656e-04
3.401144e-04
3.401167e-04
3.400438e-04
3.399846e-04
Time:8.002078e-01, dt: 3.399846e-04, dx:1.666667e-03 
itprint 8 
3.399400e-04
3.399148e-04
3.399125e-04
3.399340e-04
3.399800e-04
3.400518e-04
3.401532e-04
3.402867e-04
3.404486e-04
3.406315e-04
3.408274e-04
3.410333e-04
3.412452e-04
3.412703e-04
3.413151e-04
3.413543e-04
3.413798e-04
3.414111e-04
3.414545e-04
3.415059e-04
3.415626e-04
3.416280e-04
3.417065e-04
3.417996e-04
3.419073e-04
3.420314e-04
3.421751e-04
3.422537e-04
3.422781e-04
3.423139e-04
3.423660e-04
3.424499e-04
3.425605e-04
3.426837e-04
3.428063e-04
3.429280e-04
3.430515e-04
3.431774e-04
3.432970e-04
3.432440e-04
3.432121e-04
3.432017e-04
3.432123e-04
3.432466e-04
3.433054e-04
3.433800e-04
3.434645e-04
3.435584e-04
3.436588e-04
3.437646e-04
3.438752e-04
3.439965e-04
3.441424e-04
3.443130e-04
3.444405e-04
3.443782e-04
3.443322e-04
3.443018e-04
3.442844e-04
3.442825e-04
3.443016e-04
3.443452e-04
3.444139e-04
3.445075e-04
3.446272e-04
3.447752e-04
3.449517e-04
3.451515e-04
3.453632e-04
3.454147e-04
3.454382e-04
3.454968e-04
3.455689e-04
3.456098e-04
3.456368e-04
3.456803e-04
3.457348e-04
3.457903e-04
3.458481e-04
3.459164e-04
3.459934e-04
3.459425e-04
3.459172e-04
3.459188e-04
3.459352e-04
3.459531e-04
3.459672e-04
3.460100e-04
3.461040e-04
3.462348e-04
3.463852e-04
3.465432e-04
3.466787e-04
3.465822e-04
3.465148e-04
3.464804e-04
3.464753e-04
3.464950e-04
3.465370e-04
3.466011e-04
3.466902e-04
3.468106e-04
3.469634e-04
3.471240e-04
3.472731e-04
3.474119e-04
3.474411e-04
3.474191e-04
3.474457e-04
3.474473e-04
3.474180e-04
3.474143e-04
3.474343e-04
3.474630e-04
3.474982e-04
3.475504e-04
3.476273e-04
3.476648e-04
3.476005e-04
3.475707e-04
3.475628e-04
3.475634e-04
3.475818e-04
3.476315e-04
3.477208e-04
3.478413e-04
3.479834e-04
3.481366e-04
3.481830e-04
3.480738e-04
3.479904e-04
3.479311e-04
3.478930e-04
3.478751e-04
3.478773e-04
3.479011e-04
3.479495e-04
3.480276e-04
3.481319e-04
3.482493e-04
3.483732e-04
3.483675e-04
3.483118e-04
3.482781e-04
3.482367e-04
3.481893e-04
3.481608e-04
3.481538e-04
3.481620e-04
3.481853e-04
3.482296e-04
3.481363e-04
3.480040e-04
3.479001e-04
3.478227e-04
3.477670e-04
3.477316e-04
3.477180e-04
3.477328e-04
3.477844e-04
3.478712e-04
3.479825e-04
3.479373e-04
3.477855e-04
3.476532e-04
3.475388e-04
3.474476e-04
3.473827e-04
3.473424e-04
3.473237e-04
3.473262e-04
3.473505e-04
3.473955e-04
3.474197e-04
3.472468e-04
3.470996e-04
3.469790e-04
3.468798e-04
3.467931e-04
3.467169e-04
3.466575e-04
3.466214e-04
3.466094e-04
3.466213e-04
3.464379e-04
3.462125e-04
3.460162e-04
3.458458e-04
3.457020e-04
3.455893e-04
3.455112e-04
3.454690e-04
3.454626e-04
3.454918e-04
3.455547e-04
3.456484e-04
3.454640e-04
3.452700e-04
3.450930e-04
3.449412e-04
3.448210e-04
3.447303e-04
3.446652e-04
3.446254e-04
3.446126e-04
3.446276e-04
3.446687e-04
3.445355e-04
3.442768e-04
3.440621e-04
3.438817e-04
3.437293e-04
3.436105e-04
3.435306e-04
3.434896e-04
3.434859e-04
3.435211e-04
3.435981e-04
3.436182e-04
3.433286e-04
3.430873e-04
3.428971e-04
3.427576e-04
3.426687e-04
3.426319e-04
3.426491e-04
3.427207e-04
3.428450e-04
3.430199e-04
3.431940e-04
3.429268e-04
3.427242e-04
3.425907e-04
3.425104e-04
3.424776e-04
3.425000e-04
3.425845e-04
3.427327e-04
3.429427e-04
3.432141e-04
3.432835e-04
3.430439e-04
3.428645e-04
3.427616e-04
3.427547e-04
3.428336e-04
3.429788e-04
3.431932e-04
3.434848e-04
3.438518e-04
3.442389e-04
3.440230e-04
3.438924e-04
3.438424e-04
3.438752e-04
3.439958e-04
3.442005e-04
3.444807e-04
3.448309e-04
3.452487e-04
3.457316e-04
3.460095e-04
3.458882e-04
3.458429e-04
3.458727e-04
3.459767e-04
3.461644e-04
3.464589e-04
3.468278e-04
3.472377e-04
3.477042e-04
3.482408e-04
3.482934e-04
3.482073e-04
3.482126e-04
3.483009e-04
3.484643e-04
3.487039e-04
3.490327e-04
3.494757e-04
3.500152e-04
3.505936e-04
3.511998e-04
3.512371e-04
3.511934e-04
3.512314e-04
3.513626e-04
3.515953e-04
3.519180e-04
Time:9.000124e-01, dt: 3.519180e-04, dx:1.666667e-03 
itprint 9 
3.522950e-04
3.527226e-04
3.532274e-04
3.538136e-04
3.544280e-04
3.545447e-04
3.545924e-04
3.546982e-04
3.548659e-04
3.551017e-04
3.554077e-04
3.557814e-04
3.562137e-04
3.567060e-04
3.572477e-04
3.578280e-04
3.584082e-04
3.584641e-04
3.586133e-04
3.588510e-04
3.591526e-04
3.595055e-04
3.599104e-04
3.603667e-04
3.608649e-04
3.613927e-04
3.619442e-04
3.625136e-04
3.629457e-04
3.623570e-04
3.618316e-04
3.613696e-04
3.609707e-04
3.606344e-04
3.603604e-04
3.601481e-04
3.599958e-04
3.599017e-04
3.598643e-04
3.598828e-04
3.599560e-04
3.596551e-04
3.593409e-04
3.590692e-04
3.588386e-04
3.586478e-04
3.584960e-04
3.582986e-04
3.580319e-04
3.578173e-04
3.576536e-04
3.575389e-04
3.573323e-04
3.569420e-04
3.565844e-04
3.562612e-04
3.559739e-04
3.557229e-04
3.555083e-04
3.553301e-04
3.551878e-04
3.550800e-04
3.550052e-04
3.549616e-04
3.549475e-04
3.549616e-04
3.549935e-04
3.546390e-04
3.543118e-04
3.540118e-04
3.537391e-04
3.534940e-04
3.532762e-04
3.530853e-04
3.529201e-04
3.527809e-04
3.526685e-04
3.525826e-04
3.525210e-04
3.524808e-04
3.524598e-04
3.524563e-04
3.524699e-04
3.524992e-04
3.525402e-04
3.522942e-04
3.520435e-04
3.518114e-04
3.515987e-04
3.514068e-04
3.512360e-04
3.510850e-04
3.509522e-04
3.508366e-04
3.507369e-04
3.506517e-04
3.505790e-04
3.505170e-04
3.504641e-04
3.504191e-04
3.503803e-04
3.503460e-04
3.503145e-04
3.502845e-04
3.502553e-04
3.502261e-04
3.501962e-04
3.501652e-04
3.501328e-04
3.499755e-04
3.497873e-04
3.496054e-04
3.494300e-04
3.492611e-04
3.490988e-04
3.489426e-04
3.487919e-04
3.486463e-04
3.485058e-04
3.483697e-04
3.482358e-04
3.481038e-04
3.479748e-04
3.478497e-04
3.477283e-04
3.476099e-04
3.474947e-04
3.473827e-04
3.472744e-04
3.471693e-04
3.470675e-04
3.469697e-04
3.468770e-04
3.467893e-04
3.467064e-04
3.466287e-04
3.465566e-04
3.464907e-04
3.464324e-04
3.463829e-04
3.463402e-04
3.462251e-04
3.460482e-04
3.458762e-04
3.457096e-04
3.455496e-04
3.453981e-04
3.452568e-04
3.451267e-04
3.450070e-04
3.448955e-04
3.447887e-04
3.446831e-04
3.445773e-04
3.444722e-04
3.443711e-04
3.442778e-04
3.441962e-04
3.441277e-04
3.440728e-04
3.440307e-04
3.440002e-04
3.439584e-04
3.439241e-04
3.439052e-04
3.439010e-04
3.439119e-04
3.439383e-04
3.439802e-04
3.440376e-04
3.441116e-04
3.439764e-04
3.437780e-04
3.435961e-04
3.434329e-04
3.432904e-04
3.431706e-04
3.430740e-04
3.430009e-04
3.429522e-04
3.429285e-04
3.429304e-04
3.429575e-04
3.430085e-04
3.430819e-04
3.431775e-04
3.432970e-04
3.434416e-04
3.436094e-04
3.437973e-04
3.438603e-04
3.436734e-04
3.435063e-04
3.433634e-04
3.432520e-04
3.431792e-04
3.431474e-04
3.431388e-04
3.430466e-04
3.429680e-04
3.428996e-04
3.428355e-04
3.427729e-04
3.427154e-04
3.426702e-04
3.426408e-04
3.426267e-04
3.426274e-04
3.426442e-04
3.425892e-04
3.424689e-04
3.423776e-04
3.423106e-04
3.422721e-04
3.422603e-04
3.422694e-04
3.422895e-04
3.423179e-04
3.423598e-04
3.424195e-04
3.424986e-04
3.425964e-04
3.427125e-04
3.428474e-04
3.430021e-04
3.431767e-04
3.433721e-04
3.435894e-04
3.438299e-04
3.440936e-04
3.443048e-04
3.444191e-04
3.444075e-04
3.443785e-04
3.443791e-04
3.444060e-04
3.444702e-04
3.445765e-04
3.447155e-04
3.448868e-04
3.449513e-04
3.448694e-04
3.447968e-04
3.447357e-04
3.446896e-04
3.446598e-04
3.446431e-04
3.446348e-04
3.445514e-04
3.444648e-04
3.444016e-04
3.443567e-04
3.442904e-04
3.441336e-04
3.439319e-04
3.436899e-04
3.434735e-04
3.432802e-04
3.431054e-04
3.429484e-04
3.428117e-04
3.426969e-04
3.426030e-04
3.425288e-04
3.424740e-04
3.424375e-04
3.424158e-04
3.424053e-04
3.424039e-04
3.424115e-04
3.424290e-04
3.424561e-04
3.424923e-04
3.425396e-04
3.424962e-04
3.423609e-04
3.422259e-04
3.420890e-04
3.419511e-04
3.418194e-04
3.417062e-04
3.416226e-04
3.415752e-04
3.415649e-04
3.415891e-04
3.416434e-04
3.417223e-04
Time:1.000040e+00, dt: 3.417223e-04, dx:1.666667e-03 
itprint 10 
3.418167e-04
3.419148e-04
3.420100e-04
3.421039e-04
3.422016e-04
3.422091e-04
3.421788e-04
3.421765e-04
3.421920e-04
3.422144e-04
3.422394e-04
3.422680e-04
3.422983e-04
3.423274e-04
3.423574e-04
3.423934e-04
3.424399e-04
3.424991e-04
3.425708e-04
3.426537e-04
3.427459e-04
3.428476e-04
3.429605e-04
3.430861e-04
3.432234e-04
3.433696e-04
3.435225e-04
3.436816e-04
3.437589e-04
3.437832e-04
3.438151e-04
3.438525e-04
3.438945e-04
3.439410e-04
3.439928e-04
3.440512e-04
3.441162e-04
3.441860e-04
3.442587e-04
3.443351e-04
3.444164e-04
3.445037e-04
3.445972e-04
3.446968e-04
3.448024e-04
3.449141e-04
3.450308e-04
3.451509e-04
3.452725e-04
3.453947e-04
3.455173e-04
3.456410e-04
3.456368e-04
3.456261e-04
3.456170e-04
3.456081e-04
3.456004e-04
3.455962e-04
3.455968e-04
3.455990e-04
3.455985e-04
3.455948e-04
3.455919e-04
3.455938e-04
3.456011e-04
3.456136e-04
3.456324e-04
3.456598e-04
3.456966e-04
3.457418e-04
3.457945e-04
3.458548e-04
3.459243e-04
3.460041e-04
3.460941e-04
3.461882e-04
3.460921e-04
3.460041e-04
3.459237e-04
3.458510e-04
3.457865e-04
3.457317e-04
3.456881e-04
3.456562e-04
3.456349e-04
3.456241e-04
3.456247e-04
3.456378e-04
3.456637e-04
3.457021e-04
3.457529e-04
3.458167e-04
3.458939e-04
3.459845e-04
3.460887e-04
3.462070e-04
3.462105e-04
3.461131e-04
3.460289e-04
3.459585e-04
3.459026e-04
3.458620e-04
3.458382e-04
3.458320e-04
3.458427e-04
3.458700e-04
3.459148e-04
3.459776e-04
3.460583e-04
3.461564e-04
3.462720e-04
3.464052e-04
3.465562e-04
3.467248e-04
3.469110e-04
3.469250e-04
3.468795e-04
3.468540e-04
3.468488e-04
3.468641e-04
3.469003e-04
3.469580e-04
3.470373e-04
3.471378e-04
3.472586e-04
3.473982e-04
3.475570e-04
3.477353e-04
3.479328e-04
3.481487e-04
3.483803e-04
3.486239e-04
3.488775e-04
3.490497e-04
3.491101e-04
3.491901e-04
3.492885e-04
3.494036e-04
3.495331e-04
3.496763e-04
3.498324e-04
3.500000e-04
3.501777e-04
3.503650e-04
3.505619e-04
3.507688e-04
3.509854e-04
3.512109e-04
3.514443e-04
3.516851e-04
3.519318e-04
3.521811e-04
3.524296e-04
3.526762e-04
3.529219e-04
3.531104e-04
3.532564e-04
3.534101e-04
3.535667e-04
3.537222e-04
3.538745e-04
3.540230e-04
3.541684e-04
3.543110e-04
3.544514e-04
3.545903e-04
3.547289e-04
3.548679e-04
3.550089e-04
3.551533e-04
3.553028e-04
3.554588e-04
3.556214e-04
3.557888e-04
3.559576e-04
3.561258e-04
3.562930e-04
3.564595e-04
3.566253e-04
3.567905e-04
3.569547e-04
3.569769e-04
3.567790e-04
3.566031e-04
3.564503e-04
3.563214e-04
3.562171e-04
3.561376e-04
3.560827e-04
3.560515e-04
3.560426e-04
3.560545e-04
3.560864e-04
3.561373e-04
3.562067e-04
3.562952e-04
3.564031e-04
3.565296e-04
3.566738e-04
3.568352e-04
3.570128e-04
3.572057e-04
3.574133e-04
3.573934e-04
3.573174e-04
3.572568e-04
3.572108e-04
3.571787e-04
3.571593e-04
3.571522e-04
3.571578e-04
3.571770e-04
3.572106e-04
3.572589e-04
3.573216e-04
3.573986e-04
3.574899e-04
3.575951e-04
3.577137e-04
3.578458e-04
3.579912e-04
3.581486e-04
3.583173e-04
3.582759e-04
3.582130e-04
3.581594e-04
3.581149e-04
3.580787e-04
3.580494e-04
3.580269e-04
3.580118e-04
3.580045e-04
3.579865e-04
3.579747e-04
3.579771e-04
3.579918e-04
3.580167e-04
3.580516e-04
3.580977e-04
3.581557e-04
3.582258e-04
3.582781e-04
3.581708e-04
3.580706e-04
3.579774e-04
3.578911e-04
3.578127e-04
3.577432e-04
3.576839e-04
3.576349e-04
3.575965e-04
3.575706e-04
3.575579e-04
3.575560e-04
3.575630e-04
3.575796e-04
3.576068e-04
3.576448e-04
3.576935e-04
3.577539e-04
3.578269e-04
3.579131e-04
3.580124e-04
3.581242e-04
3.581654e-04
3.580750e-04
3.579964e-04
3.579302e-04
3.578775e-04
3.578385e-04
3.578132e-04
3.578012e-04
3.578024e-04
3.578160e-04
3.578412e-04
3.578767e-04
3.579218e-04
3.579763e-04
3.580401e-04
3.581133e-04
3.581960e-04
3.582616e-04
3.583230e-04
3.583936e-04
3.584730e-04
Time:1.100055e+00, dt: 3.584730e-04, dx:1.666667e-03 
itprint 11 
3.585616e-04
3.586598e-04
3.586089e-04
3.585508e-04
3.585026e-04
3.584639e-04
3.584345e-04
3.584140e-04
3.584021e-04
3.583991e-04
3.584042e-04
3.584167e-04
3.584370e-04
3.584654e-04
3.585001e-04
3.585411e-04
3.585898e-04
3.586473e-04
3.587142e-04
3.587906e-04
3.588761e-04
3.589702e-04
3.590726e-04
3.591686e-04
3.592676e-04
3.592688e-04
3.592368e-04
3.592116e-04
3.591910e-04
3.591739e-04
3.591602e-04
3.591500e-04
3.591435e-04
3.591414e-04
3.591445e-04
3.591539e-04
3.591704e-04
3.591951e-04
3.592290e-04
3.592716e-04
3.593219e-04
3.593797e-04
3.594447e-04
3.595164e-04
3.595944e-04
3.596783e-04
3.597686e-04
3.598659e-04
3.599714e-04
3.600854e-04
3.600532e-04
3.600243e-04
3.600036e-04
3.599912e-04
3.599869e-04
3.599902e-04
3.600005e-04
3.600172e-04
3.600399e-04
3.600685e-04
3.601032e-04
3.601442e-04
3.601915e-04
3.602450e-04
3.603046e-04
3.603702e-04
3.604416e-04
3.605185e-04
3.606010e-04
3.606890e-04
3.607823e-04
3.608810e-04
3.609852e-04
3.610946e-04
3.612092e-04
3.613225e-04
3.613097e-04
3.613024e-04
3.613005e-04
3.613040e-04
3.613130e-04
3.613274e-04
3.613470e-04
3.613718e-04
3.614017e-04
3.614365e-04
3.614763e-04
3.615209e-04
3.615704e-04
3.616246e-04
3.616839e-04
3.617479e-04
3.618165e-04
3.618893e-04
3.619662e-04
3.620472e-04
3.621321e-04
3.622211e-04
3.623141e-04
3.624112e-04
3.625126e-04
3.626185e-04
3.626412e-04
3.626263e-04
3.626147e-04
3.626063e-04
3.626011e-04
3.625991e-04
3.626005e-04
3.626057e-04
3.626148e-04
3.626277e-04
3.626451e-04
3.626683e-04
3.626979e-04
3.627341e-04
3.627778e-04
3.628291e-04
3.628882e-04
3.629553e-04
3.630299e-04
3.631120e-04
3.632013e-04
3.632975e-04
3.634000e-04
3.635088e-04
3.636237e-04
3.635915e-04
3.635560e-04
3.635263e-04
3.635024e-04
3.634838e-04
3.634706e-04
3.634628e-04
3.634606e-04
3.634647e-04
3.634758e-04
3.634942e-04
3.635198e-04
3.635521e-04
3.635914e-04
3.636379e-04
3.636922e-04
3.637546e-04
3.638253e-04
3.639048e-04
3.639930e-04
3.640897e-04
3.641945e-04
3.643069e-04
3.643890e-04
3.643392e-04
3.642975e-04
3.642644e-04
3.642399e-04
3.642238e-04
3.642158e-04
3.642154e-04
3.642223e-04
3.642360e-04
3.642560e-04
3.642825e-04
3.643154e-04
3.643546e-04
3.644001e-04
3.644520e-04
3.645105e-04
3.645759e-04
3.646484e-04
3.647281e-04
3.648150e-04
3.649092e-04
3.650105e-04
3.651190e-04
3.652042e-04
3.651631e-04
3.651281e-04
3.650994e-04
3.650776e-04
3.650628e-04
3.650550e-04
3.650541e-04
3.650599e-04
3.650720e-04
3.650907e-04
3.651164e-04
3.651493e-04
3.651892e-04
3.652360e-04
3.652903e-04
3.653520e-04
3.654211e-04
3.654970e-04
3.655796e-04
3.656687e-04
3.657644e-04
3.658667e-04
3.659757e-04
3.660153e-04
3.659839e-04
3.659583e-04
3.659384e-04
3.659244e-04
3.659167e-04
3.659150e-04
3.659202e-04
3.659328e-04
3.659529e-04
3.659807e-04
3.660164e-04
3.660604e-04
3.661123e-04
3.661713e-04
3.662369e-04
3.663087e-04
3.663869e-04
3.664719e-04
3.665643e-04
3.666643e-04
3.667716e-04
3.668857e-04
3.670066e-04
3.670232e-04
3.670028e-04
3.669891e-04
3.669823e-04
3.669820e-04
3.669874e-04
3.669982e-04
3.670149e-04
3.670380e-04
3.670679e-04
3.671048e-04
3.671497e-04
3.672030e-04
3.672625e-04
3.673261e-04
3.673943e-04
3.674680e-04
3.675407e-04
3.676147e-04
3.676921e-04
3.677729e-04
3.677943e-04
3.676590e-04
3.675346e-04
3.674211e-04
3.673187e-04
3.672274e-04
3.671470e-04
3.670769e-04
3.670171e-04
3.669680e-04
3.669296e-04
3.669011e-04
3.668818e-04
3.668714e-04
3.668700e-04
3.668778e-04
3.668965e-04
3.669257e-04
3.669630e-04
3.670069e-04
3.670578e-04
3.671099e-04
3.669602e-04
3.668214e-04
3.666951e-04
3.665814e-04
3.664799e-04
3.663900e-04
3.663110e-04
3.662419e-04
3.661821e-04
3.661314e-04
3.660902e-04
Time:1.200331e+00, dt: 3.660902e-04, dx:1.666667e-03 
itprint 12 
3.660588e-04
3.660368e-04
3.660237e-04
3.660192e-04
3.660232e-04
3.660359e-04
3.660574e-04
3.660878e-04
3.661270e-04
3.661744e-04
3.662296e-04
3.662921e-04
3.663616e-04
3.664383e-04
3.664862e-04
3.663897e-04
3.663021e-04
3.662243e-04
3.661564e-04
3.660978e-04
3.660472e-04
3.660039e-04
3.659682e-04
3.659410e-04
3.659232e-04
3.659149e-04
3.659158e-04
3.659125e-04
3.658880e-04
3.658718e-04
3.658639e-04
3.658646e-04
3.658743e-04
3.658932e-04
3.659209e-04
3.659567e-04
3.659999e-04
3.660505e-04
3.661088e-04
3.661749e-04
3.662488e-04
3.662045e-04
3.661063e-04
3.660179e-04
3.659386e-04
3.658682e-04
3.658067e-04
3.657542e-04
3.657109e-04
3.656768e-04
3.656518e-04
3.656358e-04
3.656285e-04
3.656293e-04
3.656377e-04
3.656543e-04
3.656793e-04
3.657117e-04
3.657508e-04
3.657975e-04
3.658524e-04
3.659154e-04
3.659855e-04
3.660619e-04
3.661450e-04
3.661410e-04
3.661420e-04
3.660864e-04
3.660309e-04
3.659843e-04
3.659460e-04
3.659154e-04
3.658926e-04
3.658776e-04
3.658703e-04
3.658708e-04
3.658791e-04
3.658949e-04
3.659180e-04
3.659483e-04
3.659853e-04
3.660288e-04
3.660789e-04
3.661354e-04
3.661985e-04
3.662679e-04
3.662951e-04
3.663027e-04
3.663186e-04
3.663444e-04
3.663799e-04
3.664227e-04
3.664723e-04
3.665081e-04
3.664835e-04
3.664669e-04
3.664565e-04
3.664513e-04
3.664521e-04
3.664595e-04
3.664735e-04
3.664937e-04
3.665198e-04
3.665520e-04
3.665902e-04
3.666340e-04
3.666834e-04
3.667384e-04
3.667972e-04
3.668040e-04
3.668165e-04
3.668365e-04
3.668645e-04
3.668994e-04
3.669407e-04
3.669887e-04
3.670437e-04
3.671048e-04
3.671068e-04
3.670820e-04
3.670628e-04
3.670506e-04
3.670452e-04
3.670452e-04
3.670503e-04
3.670613e-04
3.670788e-04
3.671029e-04
3.671328e-04
3.671683e-04
3.672092e-04
3.672554e-04
3.673070e-04
3.673640e-04
3.673889e-04
3.674060e-04
3.674284e-04
3.674559e-04
3.674896e-04
3.675306e-04
3.675786e-04
3.676243e-04
3.675870e-04
3.675554e-04
3.675293e-04
3.675087e-04
3.674937e-04
3.674847e-04
3.674822e-04
3.674861e-04
3.674964e-04
3.675130e-04
3.675361e-04
3.675660e-04
3.676023e-04
3.676449e-04
3.676933e-04
3.677473e-04
3.678071e-04
3.678730e-04
3.678923e-04
3.679114e-04
3.679377e-04
3.679702e-04
3.680084e-04
3.680319e-04
3.679898e-04
3.679547e-04
3.679276e-04
3.679085e-04
3.678968e-04
3.678912e-04
3.678907e-04
3.678958e-04
3.679068e-04
3.679239e-04
3.679470e-04
3.679764e-04
3.680126e-04
3.680556e-04
3.681051e-04
3.681611e-04
3.682235e-04
3.682925e-04
3.683382e-04
3.683608e-04
3.683908e-04
3.684278e-04
3.684710e-04
3.685208e-04
3.684891e-04
3.684534e-04
3.684238e-04
3.684008e-04
3.683847e-04
3.683756e-04
3.683734e-04
3.683786e-04
3.683911e-04
3.684101e-04
3.684348e-04
3.684659e-04
3.685045e-04
3.685507e-04
3.686040e-04
3.686648e-04
3.687331e-04
3.688089e-04
3.688428e-04
3.688747e-04
3.689151e-04
3.689632e-04
3.690180e-04
3.690707e-04
3.690380e-04
3.690123e-04
3.689939e-04
3.689829e-04
3.689796e-04
3.689841e-04
3.689960e-04
3.690146e-04
3.690393e-04
3.690702e-04
3.691074e-04
3.691510e-04
3.692011e-04
3.692576e-04
3.693207e-04
3.693914e-04
3.694575e-04
3.694943e-04
3.695405e-04
3.695950e-04
3.696564e-04
3.697244e-04
3.697993e-04
3.698472e-04
3.698333e-04
3.698265e-04
3.698266e-04
3.698337e-04
3.698476e-04
3.698679e-04
3.698937e-04
3.699247e-04
3.699609e-04
3.700027e-04
3.700503e-04
3.701038e-04
3.701629e-04
3.702274e-04
3.702971e-04
3.703719e-04
3.704228e-04
3.704707e-04
3.705258e-04
3.705877e-04
3.706554e-04
3.707285e-04
3.708069e-04
3.708283e-04
3.708196e-04
3.708157e-04
3.708166e-04
3.708231e-04
3.708356e-04
3.708537e-04
3.708770e-04
3.709053e-04
3.709387e-04
3.709776e-04
Time:1.300308e+00, dt: 3.709776e-04, dx:1.666667e-03 
itprint 13 
3.710216e-04
3.710703e-04
3.711238e-04
3.711825e-04
3.712464e-04
3.713154e-04
3.713785e-04
3.714163e-04
3.714596e-04
3.715083e-04
3.715626e-04
3.716220e-04
3.716863e-04
3.717547e-04
3.717433e-04
3.717363e-04
3.717346e-04
3.717378e-04
3.717460e-04
3.717595e-04
3.717789e-04
3.718041e-04
3.718349e-04
3.718710e-04
3.719117e-04
3.719572e-04
3.720083e-04
3.720652e-04
3.720819e-04
3.721025e-04
3.721269e-04
3.721546e-04
3.721863e-04
3.722230e-04
3.722652e-04
3.723127e-04
3.723647e-04
3.724209e-04
3.724822e-04
3.725497e-04
3.725880e-04
3.725889e-04
3.725957e-04
3.726074e-04
3.726239e-04
3.726456e-04
3.726729e-04
3.726870e-04
3.726734e-04
3.726662e-04
3.726645e-04
3.726675e-04
3.726758e-04
3.726897e-04
3.727088e-04
3.727327e-04
3.727617e-04
3.727963e-04
3.728365e-04
3.728815e-04
3.729317e-04
3.729883e-04
3.730524e-04
3.731234e-04
3.732000e-04
3.732816e-04
3.733688e-04
3.733509e-04
3.733127e-04
3.732810e-04
3.732566e-04
3.732382e-04
3.732246e-04
3.732167e-04
3.732162e-04
3.732237e-04
3.732378e-04
3.732569e-04
3.732811e-04
3.733112e-04
3.733478e-04
3.733902e-04
3.734368e-04
3.734873e-04
3.735426e-04
3.736047e-04
3.736745e-04
3.737507e-04
3.738318e-04
3.739177e-04
3.739306e-04
3.738911e-04
3.738575e-04
3.738316e-04
3.738139e-04
3.738028e-04
3.737973e-04
3.737981e-04
3.738065e-04
3.738228e-04
3.738454e-04
3.738733e-04
3.739071e-04
3.739473e-04
3.739932e-04
3.740442e-04
3.741013e-04
3.741521e-04
3.742111e-04
3.742794e-04
3.743556e-04
3.744379e-04
3.745263e-04
3.745615e-04
3.745332e-04
3.745129e-04
3.744998e-04
3.744925e-04
3.744907e-04
3.744957e-04
3.745079e-04
3.745269e-04
3.745510e-04
3.745768e-04
3.745948e-04
3.746183e-04
3.746484e-04
3.746867e-04
3.747333e-04
3.747873e-04
3.748481e-04
3.749164e-04
3.749928e-04
3.750774e-04
3.751689e-04
3.752661e-04
3.753275e-04
3.753070e-04
3.752926e-04
3.752852e-04
3.752846e-04
3.752901e-04
3.753007e-04
3.753162e-04
3.753232e-04
3.753349e-04
3.753543e-04
3.753821e-04
3.754179e-04
3.754608e-04
3.755106e-04
3.755677e-04
3.756329e-04
3.757059e-04
3.757861e-04
3.758735e-04
3.759681e-04
3.760695e-04
3.761770e-04
3.762142e-04
3.762091e-04
3.762106e-04
3.762185e-04
3.762187e-04
3.762168e-04
3.762213e-04
3.762326e-04
3.762511e-04
3.762762e-04
3.763074e-04
3.763456e-04
3.763916e-04
3.764449e-04
3.765033e-04
3.765662e-04
3.766341e-04
3.767083e-04
3.767884e-04
3.768737e-04
3.769638e-04
3.770591e-04
3.771425e-04
3.771457e-04
3.771559e-04
3.771735e-04
3.771982e-04
3.772297e-04
3.772581e-04
3.772619e-04
3.772723e-04
3.772892e-04
3.773115e-04
3.773384e-04
3.773703e-04
3.774085e-04
3.774051e-04
3.773401e-04
3.772834e-04
3.772344e-04
3.771923e-04
3.771572e-04
3.771296e-04
3.771096e-04
3.770968e-04
3.770906e-04
3.770908e-04
3.770977e-04
3.771118e-04
3.771332e-04
3.771620e-04
3.771982e-04
3.772418e-04
3.772932e-04
3.773527e-04
3.774205e-04
3.774965e-04
3.774530e-04
3.773695e-04
3.772932e-04
3.772244e-04
3.771633e-04
3.771102e-04
3.770657e-04
3.770305e-04
3.770044e-04
3.769864e-04
3.769762e-04
3.769742e-04
3.769811e-04
3.769969e-04
3.770212e-04
3.770536e-04
3.770939e-04
3.771425e-04
3.771991e-04
3.772636e-04
3.773358e-04
3.774159e-04
3.773933e-04
3.773151e-04
3.772455e-04
3.771845e-04
3.771321e-04
3.770878e-04
3.770517e-04
3.770238e-04
3.770035e-04
3.769901e-04
3.769839e-04
3.769864e-04
3.769979e-04
3.770172e-04
3.770427e-04
3.770749e-04
3.771151e-04
3.771645e-04
3.772230e-04
3.772899e-04
3.773652e-04
3.774493e-04
3.775424e-04
3.774737e-04
3.774084e-04
3.773517e-04
3.773035e-04
3.772636e-04
Time:1.400029e+00, dt: 3.772636e-04, dx:1.666667e-03 
itprint 14 
3.772323e-04
3.772097e-04
3.771963e-04
3.771911e-04
3.771924e-04
3.772004e-04
3.772170e-04
3.772432e-04
3.772783e-04
3.773205e-04
3.773692e-04
3.774252e-04
3.774895e-04
3.775626e-04
3.776443e-04
3.777344e-04
3.778324e-04
3.779382e-04
3.779032e-04
3.778558e-04
3.778155e-04
3.777824e-04
3.777569e-04
3.777395e-04
3.777310e-04
3.777311e-04
3.777380e-04
3.777511e-04
3.777722e-04
3.778028e-04
3.778416e-04
3.778869e-04
3.779387e-04
3.779976e-04
3.780638e-04
3.781369e-04
3.782167e-04
3.783037e-04
3.783988e-04
3.785017e-04
3.786123e-04
3.786688e-04
3.786321e-04
3.786032e-04
3.785821e-04
3.785693e-04
3.785645e-04
3.785666e-04
3.785745e-04
3.785896e-04
3.786140e-04
3.786484e-04
3.786912e-04
3.787408e-04
3.787976e-04
3.788626e-04
3.789348e-04
3.790119e-04
3.790931e-04
3.791796e-04
3.792728e-04
3.793734e-04
3.794813e-04
3.795969e-04
3.796770e-04
3.796587e-04
3.796487e-04
3.796465e-04
3.796509e-04
3.796604e-04
3.796739e-04
3.796923e-04
3.797175e-04
3.797500e-04
3.797888e-04
3.798328e-04
3.798820e-04
3.799368e-04
3.799975e-04
3.800637e-04
3.801355e-04
3.802135e-04
3.802984e-04
3.803909e-04
3.804914e-04
3.806003e-04
3.807180e-04
3.808295e-04
3.808132e-04
3.808039e-04
3.808008e-04
3.808032e-04
3.808106e-04
3.808234e-04
3.808426e-04
3.808689e-04
3.809019e-04
3.809407e-04
3.809851e-04
3.810359e-04
3.810936e-04
3.811579e-04
3.812170e-04
3.812704e-04
3.813318e-04
3.813940e-04
3.814454e-04
3.815044e-04
3.815696e-04
3.816414e-04
3.817209e-04
3.818090e-04
3.819052e-04
3.819799e-04
3.819661e-04
3.819575e-04
3.819543e-04
3.819573e-04
3.819664e-04
3.819802e-04
3.819725e-04
3.819662e-04
3.819663e-04
3.819742e-04
3.819900e-04
3.820134e-04
3.820438e-04
3.820820e-04
3.821293e-04
3.821859e-04
3.822508e-04
3.823225e-04
3.824010e-04
3.824873e-04
3.825814e-04
3.826819e-04
3.827880e-04
3.829006e-04
3.829253e-04
3.828858e-04
3.828531e-04
3.828283e-04
3.828110e-04
3.827999e-04
3.827954e-04
3.827990e-04
3.828113e-04
3.828320e-04
3.828607e-04
3.828978e-04
3.829435e-04
3.829974e-04
3.830583e-04
3.831256e-04
3.831988e-04
3.832786e-04
3.833659e-04
3.834606e-04
3.835620e-04
3.836697e-04
3.837842e-04
3.838733e-04
3.838371e-04
3.838078e-04
3.837865e-04
3.837734e-04
3.837674e-04
3.837688e-04
3.837785e-04
3.837969e-04
3.838229e-04
3.838554e-04
3.838944e-04
3.839408e-04
3.839942e-04
3.840534e-04
3.841180e-04
3.841888e-04
3.842672e-04
3.843533e-04
3.844464e-04
3.845455e-04
3.846510e-04
3.847641e-04
3.848858e-04
3.849138e-04
3.848871e-04
3.848696e-04
3.848606e-04
3.848584e-04
3.848615e-04
3.848705e-04
3.848864e-04
3.849093e-04
3.849386e-04
3.849733e-04
3.850130e-04
3.850579e-04
3.851089e-04
3.851663e-04
3.852301e-04
3.853004e-04
3.853779e-04
3.854640e-04
3.855590e-04
3.856623e-04
3.857730e-04
3.858901e-04
3.860135e-04
3.860489e-04
3.860284e-04
3.860143e-04
3.860060e-04
3.860031e-04
3.860057e-04
3.860143e-04
3.860286e-04
3.860483e-04
3.860733e-04
3.861038e-04
3.861401e-04
3.861827e-04
3.862331e-04
3.862921e-04
3.863602e-04
3.864364e-04
3.865197e-04
3.866092e-04
3.867048e-04
3.868066e-04
3.869149e-04
3.870301e-04
3.871523e-04
3.872350e-04
3.872098e-04
3.871904e-04
3.871768e-04
3.871691e-04
3.871674e-04
3.871717e-04
3.871817e-04
3.871973e-04
3.872190e-04
3.872479e-04
3.872849e-04
3.873300e-04
3.873821e-04
3.874402e-04
3.875040e-04
3.875738e-04
3.876498e-04
3.877317e-04
3.878197e-04
3.879140e-04
3.880151e-04
3.881229e-04
3.882373e-04
3.883578e-04
3.883702e-04
3.883444e-04
3.883239e-04
3.883087e-04
Time:1.500208e+00, dt: 3.883087e-04, dx:1.666667e-03 
itprint 15 
3.882985e-04
3.882932e-04
3.882925e-04
3.882975e-04
3.883089e-04
3.883273e-04
3.883519e-04
3.883814e-04
3.884149e-04
3.884528e-04
3.884963e-04
3.885463e-04
3.886034e-04
3.886678e-04
3.887399e-04
3.888198e-04
3.889067e-04
3.890001e-04
3.891002e-04
3.892072e-04
3.893122e-04
3.893041e-04
3.892606e-04
3.892216e-04
3.891863e-04
3.891560e-04
3.891331e-04
3.891189e-04
3.891131e-04
3.891137e-04
3.891193e-04
3.891301e-04
3.891471e-04
3.891713e-04
3.892028e-04
3.892415e-04
3.892877e-04
3.893418e-04
3.894042e-04
3.894746e-04
3.895517e-04
3.896342e-04
3.897218e-04
3.898165e-04
3.899195e-04
3.899650e-04
3.899043e-04
3.898533e-04
3.898104e-04
3.897740e-04
3.897438e-04
3.897218e-04
3.897101e-04
3.897085e-04
3.897140e-04
3.897241e-04
3.897394e-04
3.897626e-04
3.897952e-04
3.898358e-04
3.898826e-04
3.899367e-04
3.900007e-04
3.900740e-04
3.901530e-04
3.902356e-04
3.903242e-04
3.904221e-04
3.905291e-04
3.905554e-04
3.904980e-04
3.904492e-04
3.904059e-04
3.903692e-04
3.903420e-04
3.903244e-04
3.903135e-04
3.903082e-04
3.903109e-04
3.903237e-04
3.903454e-04
3.903732e-04
3.904068e-04
3.904481e-04
3.904988e-04
3.905587e-04
3.906268e-04
3.907020e-04
3.907839e-04
3.908724e-04
3.909680e-04
3.910704e-04
3.911793e-04
3.911630e-04
3.911097e-04
3.910641e-04
3.910264e-04
3.909975e-04
3.909774e-04
3.909650e-04
3.909589e-04
3.909586e-04
3.909653e-04
3.909808e-04
3.910062e-04
3.910404e-04
3.910812e-04
3.911277e-04
3.911810e-04
3.912422e-04
3.913110e-04
3.913874e-04
3.914718e-04
3.915639e-04
3.916617e-04
3.917633e-04
3.918696e-04
3.918829e-04
3.918261e-04
3.917759e-04
3.917342e-04
3.917005e-04
3.916732e-04
3.916521e-04
3.916387e-04
3.916337e-04
3.916367e-04
3.916467e-04
3.916636e-04
3.916886e-04
3.917229e-04
3.917664e-04
3.918180e-04
3.918759e-04
3.919396e-04
3.920096e-04
3.920870e-04
3.921720e-04
3.922651e-04
3.923671e-04
3.924772e-04
3.924665e-04
3.924042e-04
3.923497e-04
3.923013e-04
3.922595e-04
3.922267e-04
3.922038e-04
3.921899e-04
3.921838e-04
3.921859e-04
3.921977e-04
3.922189e-04
3.922478e-04
3.922825e-04
3.923230e-04
3.923705e-04
3.924258e-04
3.924887e-04
3.925593e-04
3.926375e-04
3.927225e-04
3.928136e-04
3.929110e-04
3.930154e-04
3.929612e-04
3.928975e-04
3.928418e-04
3.927944e-04
3.927560e-04
3.927264e-04
3.927045e-04
3.926893e-04
3.926810e-04
3.926815e-04
3.926919e-04
3.927116e-04
3.927391e-04
3.927743e-04
3.928179e-04
3.928703e-04
3.929303e-04
3.929967e-04
3.930696e-04
3.931499e-04
3.932383e-04
3.933347e-04
3.934389e-04
3.934425e-04
3.933753e-04
3.933176e-04
3.932688e-04
3.932283e-04
3.931952e-04
3.931695e-04
3.931520e-04
3.931433e-04
3.931438e-04
3.931537e-04
3.931732e-04
3.932014e-04
3.932366e-04
3.932783e-04
3.933271e-04
3.933843e-04
3.934499e-04
3.935228e-04
3.936031e-04
3.936914e-04
3.937882e-04
3.938928e-04
3.939170e-04
3.938523e-04
3.937960e-04
3.937473e-04
3.937065e-04
3.936745e-04
3.936517e-04
3.936381e-04
3.936335e-04
3.936375e-04
3.936496e-04
3.936693e-04
3.936966e-04
3.937323e-04
3.937764e-04
3.938287e-04
3.938889e-04
3.939579e-04
3.940361e-04
3.941220e-04
3.942130e-04
3.943082e-04
3.944091e-04
3.944227e-04
3.943555e-04
3.942977e-04
3.942505e-04
3.942131e-04
3.941840e-04
3.941634e-04
3.941522e-04
3.941510e-04
3.941585e-04
3.941733e-04
3.941953e-04
3.942257e-04
3.942658e-04
3.943150e-04
3.943713e-04
3.944332e-04
3.945007e-04
3.945749e-04
3.946562e-04
3.947440e-04
Time:1.600072e+00, dt: 3.947440e-04, dx:1.666667e-03 
itprint 16 
3.948379e-04
3.949378e-04
3.949384e-04
3.948782e-04
3.948269e-04
3.947854e-04
3.947548e-04
3.947346e-04
3.947226e-04
3.947169e-04
3.947174e-04
3.947252e-04
3.947414e-04
3.947653e-04
3.947963e-04
3.948345e-04
3.948807e-04
3.949353e-04
3.949973e-04
3.950658e-04
3.951408e-04
3.952232e-04
3.953129e-04
3.954085e-04
3.955087e-04
3.954843e-04
3.954338e-04
3.953902e-04
3.953544e-04
3.953282e-04
3.953117e-04
3.953033e-04
3.953017e-04
3.953071e-04
3.953195e-04
3.953388e-04
3.953653e-04
3.953994e-04
3.954403e-04
3.954865e-04
3.955379e-04
3.955961e-04
3.956628e-04
3.957379e-04
3.958198e-04
3.959075e-04
3.960017e-04
3.961035e-04
3.960781e-04
3.960307e-04
3.959930e-04
3.959649e-04
3.959450e-04
3.959317e-04
3.959247e-04
3.959243e-04
3.959307e-04
3.959435e-04
3.959631e-04
3.959898e-04
3.960234e-04
3.960639e-04
3.961119e-04
3.961669e-04
3.962282e-04
3.962954e-04
3.963695e-04
3.964512e-04
3.965395e-04
3.966325e-04
3.967299e-04
3.967044e-04
3.966610e-04
3.966230e-04
3.965936e-04
3.965750e-04
3.965658e-04
3.965632e-04
3.965645e-04
3.965710e-04
3.965856e-04
3.966095e-04
3.966408e-04
3.966762e-04
3.967152e-04
3.967600e-04
3.968128e-04
3.968739e-04
3.969420e-04
3.970158e-04
3.970957e-04
3.971828e-04
3.972777e-04
3.973792e-04
3.973608e-04
3.973229e-04
3.972906e-04
3.972632e-04
3.972421e-04
3.972295e-04
3.972260e-04
3.972294e-04
3.972372e-04
3.972491e-04
3.972676e-04
3.972946e-04
3.973299e-04
3.973717e-04
3.974193e-04
3.974740e-04
3.975371e-04
3.976079e-04
3.976849e-04
3.977673e-04
3.978560e-04
3.979519e-04
3.980547e-04
3.980206e-04
3.979837e-04
3.979536e-04
3.979294e-04
3.979120e-04
3.979024e-04
3.979014e-04
3.979086e-04
3.979224e-04
3.979413e-04
3.979653e-04
3.979961e-04
3.980353e-04
3.980825e-04
3.981354e-04
3.981926e-04
3.982551e-04
3.983254e-04
3.984051e-04
3.984937e-04
3.985891e-04
3.986900e-04
3.987641e-04
3.987262e-04
3.986948e-04
3.986701e-04
3.986528e-04
3.986432e-04
3.986407e-04
3.986448e-04
3.986549e-04
3.986718e-04
3.986967e-04
3.987305e-04
3.987730e-04
3.988223e-04
3.988764e-04
3.989352e-04
3.989999e-04
3.990721e-04
3.991516e-04
3.992372e-04
3.993281e-04
3.994248e-04
3.995282e-04
3.995608e-04
3.995291e-04
3.995058e-04
3.994894e-04
3.994785e-04
3.994732e-04
3.994746e-04
3.994834e-04
3.994989e-04
3.995206e-04
3.995480e-04
3.995817e-04
3.996223e-04
3.996702e-04
3.997249e-04
3.997855e-04
3.998515e-04
3.999223e-04
3.999987e-04
4.000814e-04
4.001713e-04
4.002682e-04
4.003710e-04
4.004153e-04
4.003887e-04
4.003680e-04
4.003522e-04
4.003416e-04
4.003370e-04
4.003391e-04
4.003473e-04
4.003611e-04
4.003809e-04
4.004075e-04
4.004408e-04
4.004798e-04
4.005239e-04
4.005734e-04
4.006299e-04
4.006942e-04
4.007655e-04
4.008419e-04
4.009221e-04
4.010063e-04
4.010958e-04
4.011918e-04
4.012719e-04
4.012411e-04
4.012182e-04
4.012023e-04
4.011920e-04
4.011865e-04
4.011862e-04
4.011916e-04
4.012023e-04
4.012178e-04
4.012385e-04
4.012649e-04
4.012971e-04
4.013346e-04
4.013769e-04
4.014245e-04
4.014787e-04
4.015403e-04
4.016086e-04
4.016821e-04
4.017600e-04
4.018428e-04
4.019314e-04
4.020263e-04
4.020475e-04
4.020186e-04
4.019963e-04
4.019796e-04
4.019681e-04
4.019619e-04
4.019608e-04
4.019643e-04
4.019724e-04
4.019860e-04
4.020062e-04
4.020334e-04
4.020667e-04
4.021049e-04
4.021479e-04
4.021966e-04
4.022520e-04
4.023139e-04
4.023814e-04
Time:1.700026e+00, dt: 4.023814e-04, dx:1.666667e-03 
itprint 17 
4.024534e-04
4.025301e-04
4.026123e-04
4.027007e-04
4.027789e-04
4.027441e-04
4.027162e-04
4.026946e-04
4.026785e-04
4.026679e-04
4.026625e-04
4.026616e-04
4.026642e-04
4.026701e-04
4.026792e-04
4.026922e-04
4.027115e-04
4.027423e-04
4.027879e-04
4.028488e-04
4.029248e-04
4.030191e-04
4.023737e-04
4.015646e-04
4.010338e-04
4.002070e-04
3.996964e-04
3.992877e-04
3.988656e-04
3.983760e-04
3.978594e-04
3.973903e-04
3.970058e-04
3.943792e-04
3.902751e-04
3.859603e-04
3.840045e-04
3.808085e-04
3.792256e-04
3.770472e-04
3.762048e-04
3.753512e-04
3.745916e-04
3.739864e-04
3.736115e-04
3.731119e-04
3.730775e-04
3.733011e-04
3.740131e-04
3.751763e-04
3.761353e-04
3.767413e-04
3.773582e-04
3.777705e-04
3.783917e-04
3.790977e-04
3.797048e-04
3.801010e-04
3.807159e-04
3.809752e-04
3.811338e-04
3.821705e-04
3.824848e-04
3.833407e-04
3.843212e-04
3.859693e-04
3.863879e-04
3.872168e-04
3.897862e-04
3.896585e-04
3.895373e-04
3.894147e-04
3.892955e-04
3.891932e-04
3.891353e-04
3.876415e-04
3.863859e-04
3.849650e-04
3.832799e-04
3.817312e-04
3.809396e-04
3.806373e-04
3.765962e-04
3.741083e-04
3.721878e-04
3.715073e-04
3.694220e-04
3.668928e-04
3.670392e-04
3.683980e-04
3.677700e-04
3.679961e-04
3.703564e-04
3.727515e-04
3.738097e-04
3.757255e-04
3.759117e-04
3.759965e-04
3.760030e-04
3.758821e-04
3.755644e-04
3.750505e-04
3.744180e-04
3.737722e-04
3.731796e-04
3.726677e-04
3.722327e-04
3.717391e-04
3.713005e-04
3.708969e-04
3.705021e-04
3.701102e-04
3.697245e-04
3.693464e-04
3.689735e-04
3.686050e-04
3.682463e-04
3.679041e-04
3.675814e-04
3.672737e-04
3.669725e-04
3.666694e-04
3.663597e-04
3.660456e-04
3.657351e-04
3.654372e-04
3.651569e-04
3.648923e-04
3.646367e-04
3.643832e-04
3.641288e-04
3.638767e-04
3.636348e-04
3.634125e-04
3.632169e-04
3.630504e-04
3.629101e-04
3.627898e-04
3.626837e-04
3.625874e-04
3.624977e-04
3.624105e-04
3.623209e-04
3.622229e-04
3.621095e-04
3.619775e-04
3.618306e-04
3.616749e-04
3.613802e-04
3.610536e-04
3.607435e-04
3.604546e-04
3.601892e-04
3.599497e-04
3.597425e-04
3.595752e-04
3.594528e-04
3.593760e-04
3.593422e-04
3.593474e-04
3.593894e-04
3.594685e-04
3.595856e-04
3.597396e-04
3.599288e-04
3.601507e-04
3.600549e-04
3.599632e-04
3.598998e-04
3.598629e-04
3.598503e-04
3.598590e-04
3.598856e-04
3.599256e-04
3.599748e-04
3.600290e-04
3.600853e-04
3.601410e-04
3.601943e-04
3.602426e-04
3.602841e-04
3.603188e-04
3.603471e-04
3.603697e-04
3.602227e-04
3.600857e-04
3.599731e-04
3.598879e-04
3.598307e-04
3.597984e-04
3.597875e-04
3.597957e-04
3.598224e-04
3.598673e-04
3.599299e-04
3.600090e-04
3.601041e-04
3.602155e-04
3.603445e-04
3.604935e-04
3.606645e-04
3.608573e-04
3.610696e-04
3.612978e-04
3.615392e-04
3.617921e-04
3.620283e-04
3.621681e-04
3.623241e-04
3.624996e-04
3.626957e-04
3.629109e-04
3.631418e-04
3.633845e-04
3.636351e-04
3.638901e-04
3.641466e-04
3.644021e-04
3.646553e-04
3.649056e-04
3.651531e-04
3.651431e-04
3.650627e-04
3.649965e-04
3.649449e-04
3.649093e-04
3.648904e-04
3.648884e-04
3.649005e-04
3.649273e-04
3.649770e-04
3.650536e-04
3.651555e-04
3.652770e-04
3.654109e-04
3.655512e-04
3.656957e-04
3.658458e-04
3.659197e-04
3.660068e-04
3.661154e-04
3.662447e-04
3.663912e-04
3.665500e-04
3.667254e-04
3.669157e-04
3.671160e-04
3.673204e-04
3.675241e-04
3.677250e-04
3.679234e-04
3.681217e-04
3.683247e-04
3.685350e-04
3.687506e-04
3.689688e-04
3.691891e-04
3.694131e-04
3.696446e-04
3.698903e-04
3.701504e-04
3.704227e-04
3.707003e-04
3.709727e-04
3.712359e-04
3.714896e-04
3.717366e-04
3.719828e-04
3.722394e-04
Time:1.800295e+00, dt: 3.722394e-04, dx:1.666667e-03 
itprint 18 
3.725126e-04
3.727911e-04
3.730360e-04
3.733013e-04
3.735773e-04
3.738552e-04
3.741308e-04
3.744065e-04
3.746861e-04
3.749710e-04
3.752592e-04
3.755465e-04
3.757077e-04
3.758451e-04
3.759863e-04
3.761298e-04
3.762730e-04
3.764398e-04
3.766467e-04
3.768118e-04
3.769881e-04
3.771710e-04
3.773503e-04
3.775249e-04
3.776989e-04
3.778765e-04
3.780596e-04
3.782481e-04
3.784397e-04
3.786333e-04
3.788298e-04
3.790314e-04
3.792403e-04
3.794568e-04
3.796796e-04
3.799077e-04
3.801417e-04
3.803823e-04
3.806281e-04
3.808796e-04
3.811438e-04
3.814227e-04
3.817078e-04
3.819878e-04
3.822555e-04
3.824088e-04
3.825669e-04
3.827301e-04
3.828961e-04
3.830634e-04
3.832323e-04
3.834051e-04
3.835839e-04
3.837694e-04
3.839594e-04
3.841509e-04
3.843411e-04
3.845283e-04
3.847126e-04
3.848947e-04
3.850757e-04
3.852577e-04
3.854422e-04
3.856268e-04
3.858086e-04
3.859870e-04
3.861630e-04
3.863384e-04
3.865140e-04
3.866906e-04
3.868689e-04
3.870498e-04
3.872339e-04
3.874217e-04
3.876137e-04
3.878095e-04
3.880088e-04
3.882101e-04
3.884118e-04
3.886126e-04
3.888125e-04
3.890122e-04
3.892113e-04
3.894093e-04
3.896065e-04
3.898045e-04
3.900057e-04
3.902119e-04
3.904236e-04
3.906403e-04
3.908613e-04
3.910856e-04
3.913123e-04
3.915406e-04
3.917692e-04
3.919973e-04
3.922242e-04
3.924496e-04
3.926732e-04
3.928950e-04
3.931148e-04
3.933324e-04
3.935474e-04
3.937596e-04
3.939689e-04
3.941754e-04
3.943795e-04
3.945817e-04
3.947828e-04
3.949831e-04
3.951831e-04
3.953828e-04
3.955821e-04
3.957805e-04
3.959771e-04
3.961708e-04
3.963611e-04
3.965478e-04
3.967311e-04
3.969109e-04
3.970876e-04
3.972613e-04
3.974329e-04
3.976034e-04
3.977741e-04
3.979459e-04
3.981200e-04
3.982973e-04
3.984788e-04
3.986650e-04
3.988566e-04
3.990541e-04
3.992585e-04
3.994707e-04
3.996914e-04
3.999209e-04
4.001542e-04
4.003153e-04
4.004836e-04
4.006597e-04
4.008436e-04
4.010350e-04
4.012333e-04
4.014376e-04
4.016466e-04
4.018587e-04
4.020716e-04
4.022558e-04
4.024098e-04
4.025548e-04
4.026903e-04
4.028161e-04
4.029327e-04
4.030409e-04
4.031413e-04
4.032351e-04
4.033232e-04
4.034063e-04
4.034850e-04
4.035596e-04
4.036306e-04
4.036988e-04
4.037656e-04
4.038320e-04
4.038989e-04
4.039669e-04
4.040364e-04
4.041079e-04
4.041816e-04
4.042575e-04
4.043349e-04
4.044136e-04
4.044939e-04
4.045767e-04
4.046631e-04
4.047539e-04
4.048497e-04
4.049513e-04
4.050600e-04
4.051771e-04
4.053037e-04
4.054396e-04
4.055846e-04
4.057382e-04
4.059003e-04
4.060711e-04
4.060752e-04
4.059992e-04
4.062857e-04
4.068185e-04
4.066252e-04
4.063672e-04
4.061888e-04
4.061920e-04
4.065094e-04
4.066505e-04
4.064332e-04
4.064087e-04
4.067320e-04
4.071922e-04
4.069630e-04
4.066436e-04
4.063925e-04
4.063104e-04
4.065285e-04
4.066936e-04
4.063575e-04
4.062180e-04
4.064307e-04
4.068136e-04
4.066272e-04
4.063237e-04
4.060941e-04
4.060379e-04
4.062839e-04
4.067373e-04
4.064413e-04
4.063284e-04
4.065427e-04
4.069329e-04
4.070130e-04
4.067410e-04
4.065161e-04
4.064392e-04
4.066337e-04
4.072468e-04
4.070902e-04
4.068812e-04
4.069585e-04
4.071743e-04
4.072564e-04
4.071038e-04
4.068027e-04
4.066278e-04
4.066930e-04
4.071409e-04
4.074430e-04
4.071353e-04
4.070665e-04
4.072403e-04
4.072813e-04
4.075293e-04
4.072226e-04
4.070027e-04
4.069738e-04
4.072748e-04
4.080643e-04
4.078378e-04
4.076497e-04
4.076887e-04
4.076123e-04
4.077705e-04
4.078455e-04
Time:1.900253e+00, dt: 4.078455e-04, dx:1.666667e-03 
itprint 19 
4.075122e-04
4.073236e-04
4.074122e-04
4.079303e-04
4.084376e-04
4.081245e-04
4.078763e-04
4.077133e-04
4.077437e-04
4.080799e-04
4.079288e-04
4.076587e-04
4.075963e-04
4.078885e-04
4.086964e-04
4.086621e-04
4.084002e-04
4.082005e-04
4.081356e-04
4.083069e-04
4.087762e-04
4.084275e-04
4.082122e-04
4.082602e-04
4.087244e-04
4.092138e-04
4.088774e-04
4.085668e-04
4.083410e-04
4.082907e-04
4.085334e-04
4.087819e-04
4.084413e-04
4.082901e-04
4.084679e-04
4.090762e-04
4.091766e-04
4.088675e-04
4.086037e-04
4.084581e-04
4.085341e-04
4.089549e-04
4.090758e-04
4.088268e-04
4.088024e-04
4.091482e-04
4.093767e-04
4.095184e-04
4.091991e-04
4.089479e-04
4.088507e-04
4.090202e-04
4.095824e-04
4.094629e-04
4.092598e-04
4.093300e-04
4.096742e-04
4.097031e-04
4.098733e-04
4.095723e-04
4.093629e-04
4.093405e-04
4.096235e-04
4.103087e-04
4.099875e-04
4.098373e-04
4.099895e-04
4.099778e-04
4.100433e-04
4.101814e-04
4.098594e-04
4.096539e-04
4.096704e-04
4.100329e-04
4.105601e-04
4.102565e-04
4.101601e-04
4.103371e-04
4.102636e-04
4.103945e-04
4.104882e-04
4.101859e-04
4.100152e-04
4.100870e-04
4.105283e-04
4.109554e-04
4.106660e-04
4.106055e-04
4.106060e-04
4.105578e-04
4.107406e-04
4.108442e-04
4.105666e-04
4.104365e-04
4.105655e-04
4.110791e-04
4.114714e-04
4.112075e-04
4.111721e-04
4.109896e-04
4.109404e-04
4.111324e-04
4.112574e-04
4.109562e-04
4.108087e-04
4.109269e-04
4.114355e-04
4.118341e-04
4.115519e-04
4.114757e-04
4.112880e-04
4.112554e-04
4.114709e-04
4.117109e-04
4.114212e-04
4.112866e-04
4.114186e-04
4.119398e-04
4.124705e-04
4.121818e-04
4.120385e-04
4.118073e-04
4.117197e-04
4.118697e-04
4.121141e-04
4.117509e-04
4.115300e-04
4.115597e-04
4.119655e-04
4.123810e-04
4.122132e-04
4.119165e-04
4.116518e-04
4.115370e-04
4.116657e-04
4.121096e-04
4.117779e-04
4.115834e-04
4.116297e-04
4.120381e-04
4.127066e-04
4.126064e-04
4.124700e-04
4.122377e-04
4.121108e-04
4.122280e-04
4.126865e-04
4.124172e-04
4.122795e-04
4.129897e-04
4.149874e-04
4.175730e-04
4.176408e-04
4.177062e-04
4.177686e-04
4.178273e-04
4.178820e-04
4.179324e-04
4.179783e-04
4.180197e-04
4.180570e-04
4.180905e-04
4.181205e-04
4.181478e-04
4.181732e-04
4.181975e-04
4.182214e-04
4.182455e-04
4.182705e-04
4.182971e-04
4.183259e-04
4.183575e-04
4.183922e-04
4.184301e-04
4.184710e-04
4.185147e-04
4.185608e-04
4.185365e-04
4.184893e-04
4.184491e-04
4.184159e-04
4.183896e-04
4.183700e-04
4.183566e-04
4.183489e-04
4.183467e-04
4.183495e-04
4.183570e-04
4.183690e-04
4.183851e-04
4.184053e-04
4.184290e-04
4.184562e-04
4.184870e-04
4.185122e-04
4.184787e-04
4.184502e-04
4.184272e-04
4.184104e-04
4.184003e-04
4.183976e-04
4.184025e-04
4.184152e-04
4.184353e-04
4.184621e-04
4.184949e-04
4.185325e-04
4.185740e-04
4.186186e-04
4.186656e-04
4.187141e-04
4.187634e-04
4.188128e-04
4.188616e-04
4.189093e-04
4.189555e-04
4.190000e-04
4.190426e-04
4.190834e-04
4.191228e-04
4.191610e-04
4.191987e-04
4.192362e-04
4.192743e-04
4.193133e-04
4.193539e-04
4.193966e-04
4.194419e-04
4.194903e-04
4.195347e-04
4.195629e-04
4.195948e-04
4.196305e-04
4.196705e-04
4.197152e-04
4.197648e-04
4.198198e-04
4.198801e-04
4.199239e-04
4.198347e-04
4.197511e-04
4.196736e-04
Time:2.000276e+00, dt: 4.196736e-04, dx:1.666667e-03 
itprint 20 
4.196024e-04
4.195376e-04
4.194794e-04
4.194278e-04
4.193825e-04
4.193431e-04
4.193092e-04
4.192799e-04
4.192549e-04
4.192335e-04
4.192155e-04
4.192006e-04
4.191886e-04
4.191797e-04
4.191741e-04
4.191722e-04
4.191744e-04
4.191812e-04
4.191929e-04
4.192098e-04
4.192320e-04
4.192595e-04
4.192919e-04
4.193290e-04
4.193705e-04
4.194157e-04
4.194643e-04
4.195158e-04
4.195699e-04
4.196264e-04
4.196848e-04
4.197449e-04
4.198067e-04
4.198698e-04
4.199342e-04
4.199995e-04
4.200655e-04
4.201319e-04
4.201983e-04
4.202646e-04
4.203304e-04
4.203959e-04
4.204609e-04
4.205255e-04
4.205901e-04
4.206547e-04
4.207195e-04
4.207848e-04
4.208507e-04
4.209174e-04
4.209849e-04
4.210530e-04
4.211217e-04
4.211908e-04
4.212601e-04
4.213294e-04
4.213986e-04
4.214675e-04
4.215362e-04
4.216044e-04
4.216720e-04
4.217389e-04
4.218047e-04
4.218690e-04
4.219313e-04
4.219910e-04
4.220476e-04
4.221006e-04
4.221497e-04
4.221947e-04
4.222355e-04
4.222724e-04
4.223056e-04
4.223355e-04
4.223626e-04
4.223876e-04
4.224112e-04
4.224342e-04
4.224575e-04
4.224816e-04
4.225074e-04
4.225352e-04
4.225653e-04
4.225977e-04
4.226325e-04
4.226693e-04
4.227081e-04
4.227484e-04
4.227899e-04
4.228323e-04
4.228751e-04
4.229181e-04
4.229265e-04
4.225992e-04
4.223462e-04
4.221673e-04
4.220685e-04
4.220536e-04
4.221011e-04
4.219502e-04
4.218710e-04
4.218379e-04
4.217469e-04
4.217595e-04
4.218665e-04
4.220459e-04
4.222723e-04
4.225253e-04
4.227896e-04
4.230443e-04
4.231832e-04
4.231993e-04
4.231842e-04
4.232189e-04
4.232992e-04
4.234126e-04
4.235467e-04
4.236081e-04
4.234615e-04
4.233864e-04
4.233559e-04
4.233286e-04
4.232660e-04
4.231589e-04
4.230312e-04
4.229242e-04
4.228733e-04
4.228880e-04
4.229626e-04
4.229006e-04
4.227706e-04
4.226960e-04
4.226754e-04
4.226907e-04
4.227207e-04
4.227456e-04
4.227566e-04
4.227574e-04
4.227608e-04
4.227858e-04
4.228470e-04
4.229520e-04
4.230990e-04
4.232749e-04
4.234538e-04
4.235922e-04
4.236569e-04
4.236476e-04
4.235909e-04
4.235292e-04
4.235073e-04
4.235575e-04
4.236965e-04
4.239184e-04
4.241849e-04
4.244454e-04
4.246499e-04
4.246656e-04
4.246170e-04
4.245310e-04
4.244475e-04
4.244070e-04
4.244186e-04
4.244621e-04
4.245093e-04
4.245247e-04
4.244790e-04
4.243664e-04
4.242358e-04
4.241570e-04
4.241718e-04
4.242880e-04
4.244850e-04
4.247306e-04
4.249912e-04
4.252223e-04
4.253825e-04
4.254679e-04
4.255151e-04
4.255713e-04
4.256697e-04
4.251275e-04
4.237840e-04
4.224588e-04
4.213544e-04
4.204797e-04
4.196590e-04
4.187375e-04
4.177039e-04
4.166384e-04
4.156214e-04
4.146649e-04
4.137242e-04
4.127520e-04
4.117421e-04
4.107316e-04
4.097640e-04
4.087604e-04
4.076685e-04
4.066151e-04
4.055924e-04
4.045773e-04
4.035553e-04
4.025395e-04
4.015622e-04
4.006479e-04
3.997923e-04
3.989685e-04
3.981507e-04
3.973359e-04
3.965439e-04
3.958014e-04
3.951210e-04
3.944918e-04
3.938294e-04
3.931325e-04
3.924851e-04
3.918929e-04
3.913520e-04
3.908517e-04
3.902231e-04
3.894022e-04
3.886081e-04
3.878475e-04
3.871353e-04
3.864868e-04
3.859105e-04
3.854038e-04
3.849519e-04
3.845351e-04
3.841401e-04
3.837658e-04
3.834216e-04
3.831175e-04
3.828563e-04
3.826336e-04
3.824464e-04
3.820661e-04
3.815624e-04
3.811084e-04
Time:2.100260e+00, dt: 3.811084e-04, dx:1.666667e-03 
itprint 21 
3.807126e-04
3.803712e-04
3.800635e-04
3.797417e-04
3.793693e-04
3.789505e-04
3.785117e-04
3.780925e-04
3.777084e-04
3.773525e-04
3.770052e-04
3.766368e-04
3.762186e-04
3.757368e-04
3.751949e-04
3.742375e-04
3.733172e-04
3.726035e-04
3.721698e-04
3.717465e-04
3.710295e-04
3.704646e-04
3.699787e-04
3.696663e-04
3.694925e-04
3.694571e-04
3.692903e-04
3.690071e-04
3.687641e-04
3.687001e-04
3.687304e-04
3.683834e-04
3.680934e-04
3.675834e-04
3.672283e-04
3.669459e-04
3.667008e-04
3.665137e-04
3.664132e-04
3.663315e-04
3.661711e-04
3.659391e-04
3.657072e-04
3.654967e-04
3.651769e-04
3.648401e-04
3.645478e-04
3.642864e-04
3.641052e-04
3.639250e-04
3.637367e-04
3.636464e-04
3.635588e-04
3.633943e-04
3.632309e-04
3.630805e-04
3.628710e-04
3.624677e-04
3.620668e-04
3.617779e-04
3.616123e-04
3.614797e-04
3.613661e-04
3.613564e-04
3.611982e-04
3.609721e-04
3.607684e-04
3.605888e-04
3.604089e-04
3.602156e-04
3.600145e-04
3.598407e-04
3.597443e-04
3.597180e-04
3.597156e-04
3.595924e-04
3.594276e-04
3.593029e-04
3.591823e-04
3.590656e-04
3.589542e-04
3.588463e-04
3.587346e-04
3.586122e-04
3.585131e-04
3.584590e-04
3.584562e-04
3.584985e-04
3.585786e-04
3.585600e-04
3.584749e-04
3.583905e-04
3.583152e-04
3.582309e-04
3.581109e-04
3.579895e-04
3.579165e-04
3.579103e-04
3.579383e-04
3.579666e-04
3.580034e-04
3.580660e-04
3.581499e-04
3.580938e-04
3.579804e-04
3.578778e-04
3.577753e-04
3.576694e-04
3.575686e-04
3.574885e-04
3.574297e-04
3.573805e-04
3.573371e-04
3.573087e-04
3.573011e-04
3.573037e-04
3.573060e-04
3.573124e-04
3.573350e-04
3.572896e-04
3.571646e-04
3.570574e-04
3.569733e-04
3.569020e-04
3.568353e-04
3.567785e-04
3.567377e-04
3.567109e-04
3.566929e-04
3.566835e-04
3.566888e-04
3.567124e-04
3.567527e-04
3.568061e-04
3.568706e-04
3.568003e-04
3.567144e-04
3.566364e-04
3.565681e-04
3.565132e-04
3.564711e-04
3.564360e-04
3.564037e-04
3.563746e-04
3.563501e-04
3.563331e-04
3.563260e-04
3.563282e-04
3.563371e-04
3.563525e-04
3.563781e-04
3.564179e-04
3.564729e-04
3.565414e-04
3.566218e-04
3.566064e-04
3.565765e-04
3.565521e-04
3.565369e-04
3.565324e-04
3.565381e-04
3.565524e-04
3.565741e-04
3.566036e-04
3.566410e-04
3.566859e-04
3.567373e-04
3.567964e-04
3.568619e-04
3.569322e-04
3.570074e-04
3.570880e-04
3.571735e-04
3.572497e-04
3.572183e-04
3.571959e-04
3.571782e-04
3.571651e-04
3.571591e-04
3.571612e-04
3.571698e-04
3.571824e-04
3.571987e-04
3.572202e-04
3.572479e-04
3.572806e-04
3.573166e-04
3.573568e-04
3.574043e-04
3.574607e-04
3.575264e-04
3.576016e-04
3.576868e-04
3.577827e-04
3.578898e-04
3.579482e-04
3.579435e-04
3.579470e-04
3.579601e-04
3.579834e-04
3.580173e-04
3.580614e-04
3.581155e-04
3.581800e-04
3.582557e-04
3.583429e-04
3.584422e-04
3.585535e-04
3.586763e-04
3.588101e-04
3.589550e-04
3.591116e-04
3.592808e-04
3.594620e-04
3.596539e-04
3.598552e-04
3.600657e-04
3.602140e-04
3.603126e-04
3.604161e-04
3.605253e-04
3.606412e-04
3.607634e-04
3.608914e-04
3.610247e-04
3.611639e-04
3.613106e-04
3.614653e-04
3.616274e-04
3.617963e-04
3.619723e-04
3.621560e-04
3.623475e-04
3.625465e-04
3.627526e-04
3.629648e-04
3.631829e-04
3.634066e-04
3.635592e-04
3.637000e-04
3.638507e-04
3.640118e-04
3.641830e-04
3.643638e-04
3.645542e-04
3.647538e-04
3.649617e-04
3.651778e-04
3.654032e-04
3.656392e-04
3.658859e-04
3.661419e-04
3.664059e-04
3.666775e-04
3.669569e-04
3.672436e-04
3.675357e-04
3.678309e-04
3.681288e-04
3.684218e-04
3.686602e-04
3.689072e-04
3.691633e-04
3.694289e-04
3.697037e-04
3.699864e-04
3.702761e-04
3.705727e-04
3.708763e-04
3.711862e-04
3.715008e-04
3.718180e-04
3.721373e-04
3.724605e-04
3.727898e-04
3.731258e-04
Time:2.200203e+00, dt: 3.731258e-04, dx:1.666667e-03 
itprint 22 
3.734701e-04
3.738226e-04
3.741829e-04
3.745517e-04
3.749305e-04
3.753200e-04
3.756942e-04
3.760475e-04
3.764142e-04
3.767942e-04
3.771862e-04
3.775000e-04
3.776671e-04
3.778459e-04
3.780285e-04
3.779198e-04
3.778265e-04
3.777465e-04
3.776812e-04
3.776327e-04
3.776010e-04
3.775847e-04
3.775840e-04
3.776002e-04
3.776354e-04
3.776905e-04
3.777640e-04
3.778534e-04
3.779585e-04
3.780803e-04
3.782179e-04
3.783713e-04
3.785399e-04
3.787193e-04
3.788590e-04
3.787488e-04
3.786443e-04
3.785477e-04
3.784648e-04
3.783977e-04
3.783444e-04
3.783044e-04
3.782796e-04
3.782703e-04
3.782806e-04
3.783140e-04
3.783699e-04
3.784464e-04
3.785451e-04
3.786669e-04
3.788082e-04
3.789639e-04
3.791320e-04
3.792533e-04
3.791080e-04
3.789710e-04
3.788451e-04
3.787325e-04
3.786327e-04
3.785431e-04
3.784627e-04
3.783922e-04
3.783323e-04
3.782832e-04
3.782445e-04
3.782168e-04
3.782004e-04
3.781960e-04
3.782037e-04
3.782228e-04
3.782535e-04
3.782973e-04
3.783568e-04
3.782674e-04
3.780398e-04
3.778281e-04
3.776338e-04
3.774566e-04
3.772945e-04
3.771460e-04
3.770118e-04
3.768955e-04
3.768008e-04
3.767246e-04
3.766586e-04
3.766012e-04
3.765582e-04
3.765349e-04
3.765342e-04
3.765566e-04
3.766028e-04
3.766736e-04
3.767676e-04
3.765418e-04
3.763163e-04
3.761077e-04
3.759140e-04
3.757363e-04
3.755799e-04
3.754478e-04
3.753320e-04
3.752218e-04
3.751224e-04
3.750441e-04
3.749929e-04
3.749702e-04
3.749748e-04
3.750034e-04
3.750529e-04
3.751229e-04
3.752139e-04
3.753262e-04
3.754591e-04
3.755193e-04
3.753501e-04
3.751984e-04
3.750657e-04
3.749446e-04
3.748269e-04
3.747202e-04
3.746357e-04
3.745779e-04
3.745475e-04
3.745444e-04
3.745673e-04
3.746135e-04
3.746791e-04
3.747617e-04
3.748614